Build started 24-Jun-16 1:35:35 PM.
     1>Project "D:\Development\C++\pxl2D\pxl2D\pxl2D.vcxproj" on node 2 (Build target(s)).
     1>ClCompile:
         C:\Program Files (x86)\Microsoft Visual Studio 14.0\VC\bin\CL.exe /c /ZI /nologo /W3 /WX- /Od /Oy- /D WIN32 /D _DEBUG /D _LIB /D _MBCS /Gm /EHsc /RTC1 /MTd /GS /fp:precise /Zc:wchar_t /Zc:forScope /Zc:inline /Fo"D:\Development\C++\pxl2D\pxl2D\bin\\" /Fd"D:\Development\C++\pxl2D\pxl2D\bin\pxl2D.pdb" /Gd /TP /analyze- /errorReport:prompt src\Graphics.cpp src\PXL.cpp src\System.cpp src\graphics\Batch.cpp src\graphics\Font.cpp src\graphics\FontUtils.cpp src\graphics\FrameBuffer.cpp src\graphics\GraphicsAPI.cpp src\graphics\Lights.cpp src\graphics\ShaderProgram.cpp src\graphics\ShaderUtils.cpp src\graphics\Sprite.cpp src\graphics\Text.cpp src\graphics\Texture.cpp src\graphics\TextureSheet.cpp src\input\Joystick.cpp src\system\Event.cpp src\system\Exception.cpp src\system\IO.cpp src\system\ImageIO.cpp src\system\win32\Win32Window.cpp
         Win32Window.cpp
     1>c:\program files (x86)\microsoft visual studio 14.0\vc\include\cmath(37): error C2039: 'fabs': is not a member of '`global namespace''
     1>c:\program files (x86)\microsoft visual studio 14.0\vc\include\cmath(47): error C2039: 'fabsf': is not a member of '`global namespace''
     1>c:\program files (x86)\microsoft visual studio 14.0\vc\include\cmath(52): error C2039: 'acosf': is not a member of '`global namespace''
     1>c:\program files (x86)\microsoft visual studio 14.0\vc\include\cmath(57): error C2039: 'acoshf': is not a member of '`global namespace''
     1>c:\program files (x86)\microsoft visual studio 14.0\vc\include\cmath(62): error C2039: 'asinf': is not a member of '`global namespace''
     1>c:\program files (x86)\microsoft visual studio 14.0\vc\include\cmath(67): error C2039: 'asinhf': is not a member of '`global namespace''
     1>c:\program files (x86)\microsoft visual studio 14.0\vc\include\cmath(72): error C2039: 'atanf': is not a member of '`global namespace''
     1>c:\program files (x86)\microsoft visual studio 14.0\vc\include\cmath(77): error C2039: 'atanhf': is not a member of '`global namespace''
     1>c:\program files (x86)\microsoft visual studio 14.0\vc\include\cmath(82): error C2039: 'atan2f': is not a member of '`global namespace''
     1>c:\program files (x86)\microsoft visual studio 14.0\vc\include\cmath(87): error C2039: 'cbrtf': is not a member of '`global namespace''
     1>c:\program files (x86)\microsoft visual studio 14.0\vc\include\cmath(92): error C2039: 'ceilf': is not a member of '`global namespace''
     1>c:\program files (x86)\microsoft visual studio 14.0\vc\include\cmath(98): error C2039: 'copysignf': is not a member of '`global namespace''
     1>c:\program files (x86)\microsoft visual studio 14.0\vc\include\cmath(103): error C2039: 'cosf': is not a member of '`global namespace''
     1>c:\program files (x86)\microsoft visual studio 14.0\vc\include\cmath(108): error C2039: 'coshf': is not a member of '`global namespace''
     1>c:\program files (x86)\microsoft visual studio 14.0\vc\include\cmath(113): error C2039: 'erff': is not a member of '`global namespace''
     1>c:\program files (x86)\microsoft visual studio 14.0\vc\include\cmath(118): error C2039: 'erfcf': is not a member of '`global namespace''
     1>c:\program files (x86)\microsoft visual studio 14.0\vc\include\cmath(123): error C2039: 'expf': is not a member of '`global namespace''
     1>c:\program files (x86)\microsoft visual studio 14.0\vc\include\cmath(128): error C2039: 'exp2f': is not a member of '`global namespace''
     1>c:\program files (x86)\microsoft visual studio 14.0\vc\include\cmath(133): error C2039: 'expm1f': is not a member of '`global namespace''
     1>c:\program files (x86)\microsoft visual studio 14.0\vc\include\cmath(138): error C2039: 'fabsf': is not a member of '`global namespace''
     1>c:\program files (x86)\microsoft visual studio 14.0\vc\include\cmath(143): error C2039: 'fdimf': is not a member of '`global namespace''
     1>c:\program files (x86)\microsoft visual studio 14.0\vc\include\cmath(148): error C2039: 'floorf': is not a member of '`global namespace''
     1>c:\program files (x86)\microsoft visual studio 14.0\vc\include\cmath(154): error C2039: 'fmaf': is not a member of '`global namespace''
     1>c:\program files (x86)\microsoft visual studio 14.0\vc\include\cmath(159): error C2039: 'fmaxf': is not a member of '`global namespace''
     1>c:\program files (x86)\microsoft visual studio 14.0\vc\include\cmath(164): error C2039: 'fminf': is not a member of '`global namespace''
     1>c:\program files (x86)\microsoft visual studio 14.0\vc\include\cmath(169): error C2039: 'fmodf': is not a member of '`global namespace''
     1>c:\program files (x86)\microsoft visual studio 14.0\vc\include\cmath(174): error C2039: 'frexpf': is not a member of '`global namespace''
     1>c:\program files (x86)\microsoft visual studio 14.0\vc\include\cmath(179): error C2039: 'hypotf': is not a member of '`global namespace''
     1>c:\program files (x86)\microsoft visual studio 14.0\vc\include\cmath(184): error C2039: 'ilogbf': is not a member of '`global namespace''
     1>c:\program files (x86)\microsoft visual studio 14.0\vc\include\cmath(189): error C2039: 'ldexpf': is not a member of '`global namespace''
     1>c:\program files (x86)\microsoft visual studio 14.0\vc\include\cmath(194): error C2039: 'lgammaf': is not a member of '`global namespace''
     1>c:\program files (x86)\microsoft visual studio 14.0\vc\include\cmath(199): error C2039: 'llrintf': is not a member of '`global namespace''
     1>c:\program files (x86)\microsoft visual studio 14.0\vc\include\cmath(204): error C2039: 'llroundf': is not a member of '`global namespace''
     1>c:\program files (x86)\microsoft visual studio 14.0\vc\include\cmath(209): error C2039: 'logf': is not a member of '`global namespace''
     1>c:\program files (x86)\microsoft visual studio 14.0\vc\include\cmath(214): error C2039: 'log10f': is not a member of '`global namespace''
     1>c:\program files (x86)\microsoft visual studio 14.0\vc\include\cmath(219): error C2039: 'log1pf': is not a member of '`global namespace''
     1>c:\program files (x86)\microsoft visual studio 14.0\vc\include\cmath(224): error C2039: 'log2f': is not a member of '`global namespace''
     1>c:\program files (x86)\microsoft visual studio 14.0\vc\include\cmath(229): error C2039: 'logbf': is not a member of '`global namespace''
     1>c:\program files (x86)\microsoft visual studio 14.0\vc\include\cmath(234): error C2039: 'lrintf': is not a member of '`global namespace''
     1>c:\program files (x86)\microsoft visual studio 14.0\vc\include\cmath(239): error C2039: 'lroundf': is not a member of '`global namespace''
     1>c:\program files (x86)\microsoft visual studio 14.0\vc\include\cmath(244): error C2039: 'modff': is not a member of '`global namespace''
     1>c:\program files (x86)\microsoft visual studio 14.0\vc\include\cmath(249): error C2039: 'nearbyintf': is not a member of '`global namespace''
     1>c:\program files (x86)\microsoft visual studio 14.0\vc\include\cmath(254): error C2039: 'nextafterf': is not a member of '`global namespace''
     1>c:\program files (x86)\microsoft visual studio 14.0\vc\include\cmath(260): error C2039: 'nexttowardf': is not a member of '`global namespace''
     1>c:\program files (x86)\microsoft visual studio 14.0\vc\include\cmath(266): error C2039: 'powf': is not a member of '`global namespace''
     1>c:\program files (x86)\microsoft visual studio 14.0\vc\include\cmath(276): error C2039: 'remainderf': is not a member of '`global namespace''
     1>c:\program files (x86)\microsoft visual studio 14.0\vc\include\cmath(282): error C2039: 'remquof': is not a member of '`global namespace''
     1>c:\program files (x86)\microsoft visual studio 14.0\vc\include\cmath(287): error C2039: 'rintf': is not a member of '`global namespace''
     1>c:\program files (x86)\microsoft visual studio 14.0\vc\include\cmath(292): error C2039: 'roundf': is not a member of '`global namespace''
     1>c:\program files (x86)\microsoft visual studio 14.0\vc\include\cmath(297): error C2039: 'scalblnf': is not a member of '`global namespace''
     1>c:\program files (x86)\microsoft visual studio 14.0\vc\include\cmath(302): error C2039: 'scalbnf': is not a member of '`global namespace''
     1>c:\program files (x86)\microsoft visual studio 14.0\vc\include\cmath(307): error C2039: 'sinf': is not a member of '`global namespace''
     1>c:\program files (x86)\microsoft visual studio 14.0\vc\include\cmath(312): error C2039: 'sinhf': is not a member of '`global namespace''
     1>c:\program files (x86)\microsoft visual studio 14.0\vc\include\cmath(317): error C2039: 'sqrtf': is not a member of '`global namespace''
     1>c:\program files (x86)\microsoft visual studio 14.0\vc\include\cmath(322): error C2039: 'tanf': is not a member of '`global namespace''
     1>c:\program files (x86)\microsoft visual studio 14.0\vc\include\cmath(327): error C2039: 'tanhf': is not a member of '`global namespace''
     1>c:\program files (x86)\microsoft visual studio 14.0\vc\include\cmath(332): error C2039: 'tgammaf': is not a member of '`global namespace''
     1>c:\program files (x86)\microsoft visual studio 14.0\vc\include\cmath(337): error C2039: 'truncf': is not a member of '`global namespace''
     1>c:\program files (x86)\microsoft visual studio 14.0\vc\include\cmath(342): error C2039: 'fabsl': is not a member of '`global namespace''
     1>c:\program files (x86)\microsoft visual studio 14.0\vc\include\cmath(347): error C2039: 'acosl': is not a member of '`global namespace''
     1>c:\program files (x86)\microsoft visual studio 14.0\vc\include\cmath(352): error C2039: 'acoshl': is not a member of '`global namespace''
     1>c:\program files (x86)\microsoft visual studio 14.0\vc\include\cmath(357): error C2039: 'asinl': is not a member of '`global namespace''
     1>c:\program files (x86)\microsoft visual studio 14.0\vc\include\cmath(362): error C2039: 'asinhl': is not a member of '`global namespace''
     1>c:\program files (x86)\microsoft visual studio 14.0\vc\include\cmath(367): error C2039: 'atanl': is not a member of '`global namespace''
     1>c:\program files (x86)\microsoft visual studio 14.0\vc\include\cmath(372): error C2039: 'atanhl': is not a member of '`global namespace''
     1>c:\program files (x86)\microsoft visual studio 14.0\vc\include\cmath(378): error C2039: 'atan2l': is not a member of '`global namespace''
     1>c:\program files (x86)\microsoft visual studio 14.0\vc\include\cmath(383): error C2039: 'cbrtl': is not a member of '`global namespace''
     1>c:\program files (x86)\microsoft visual studio 14.0\vc\include\cmath(388): error C2039: 'ceill': is not a member of '`global namespace''
     1>c:\program files (x86)\microsoft visual studio 14.0\vc\include\cmath(394): error C2039: 'copysignl': is not a member of '`global namespace''
     1>c:\program files (x86)\microsoft visual studio 14.0\vc\include\cmath(399): error C2039: 'cosl': is not a member of '`global namespace''
     1>c:\program files (x86)\microsoft visual studio 14.0\vc\include\cmath(404): error C2039: 'coshl': is not a member of '`global namespace''
     1>c:\program files (x86)\microsoft visual studio 14.0\vc\include\cmath(409): error C2039: 'erfl': is not a member of '`global namespace''
     1>c:\program files (x86)\microsoft visual studio 14.0\vc\include\cmath(414): error C2039: 'erfcl': is not a member of '`global namespace''
     1>c:\program files (x86)\microsoft visual studio 14.0\vc\include\cmath(419): error C2039: 'expl': is not a member of '`global namespace''
     1>c:\program files (x86)\microsoft visual studio 14.0\vc\include\cmath(424): error C2039: 'exp2l': is not a member of '`global namespace''
     1>c:\program files (x86)\microsoft visual studio 14.0\vc\include\cmath(429): error C2039: 'expm1l': is not a member of '`global namespace''
     1>c:\program files (x86)\microsoft visual studio 14.0\vc\include\cmath(434): error C2039: 'fabsl': is not a member of '`global namespace''
     1>c:\program files (x86)\microsoft visual studio 14.0\vc\include\cmath(440): error C2039: 'fdiml': is not a member of '`global namespace''
     1>c:\program files (x86)\microsoft visual studio 14.0\vc\include\cmath(445): error C2039: 'floorl': is not a member of '`global namespace''
     1>c:\program files (x86)\microsoft visual studio 14.0\vc\include\cmath(451): error C2039: 'fmal': is not a member of '`global namespace''
     1>c:\program files (x86)\microsoft visual studio 14.0\vc\include\cmath(457): error C2039: 'fmaxl': is not a member of '`global namespace''
     1>c:\program files (x86)\microsoft visual studio 14.0\vc\include\cmath(463): error C2039: 'fminl': is not a member of '`global namespace''
     1>c:\program files (x86)\microsoft visual studio 14.0\vc\include\cmath(469): error C2039: 'fmodl': is not a member of '`global namespace''
     1>c:\program files (x86)\microsoft visual studio 14.0\vc\include\cmath(475): error C2039: 'frexpl': is not a member of '`global namespace''
     1>c:\program files (x86)\microsoft visual studio 14.0\vc\include\cmath(481): error C2039: 'hypotl': is not a member of '`global namespace''
     1>c:\program files (x86)\microsoft visual studio 14.0\vc\include\cmath(486): error C2039: 'ilogbl': is not a member of '`global namespace''
     1>c:\program files (x86)\microsoft visual studio 14.0\vc\include\cmath(492): error C2039: 'ldexpl': is not a member of '`global namespace''
     1>c:\program files (x86)\microsoft visual studio 14.0\vc\include\cmath(497): error C2039: 'lgammal': is not a member of '`global namespace''
     1>c:\program files (x86)\microsoft visual studio 14.0\vc\include\cmath(502): error C2039: 'llrintl': is not a member of '`global namespace''
     1>c:\program files (x86)\microsoft visual studio 14.0\vc\include\cmath(507): error C2039: 'llroundl': is not a member of '`global namespace''
     1>c:\program files (x86)\microsoft visual studio 14.0\vc\include\cmath(512): error C2039: 'logl': is not a member of '`global namespace''
     1>c:\program files (x86)\microsoft visual studio 14.0\vc\include\cmath(517): error C2039: 'log10l': is not a member of '`global namespace''
     1>c:\program files (x86)\microsoft visual studio 14.0\vc\include\cmath(522): error C2039: 'log1pl': is not a member of '`global namespace''
     1>c:\program files (x86)\microsoft visual studio 14.0\vc\include\cmath(527): error C2039: 'log2l': is not a member of '`global namespace''
     1>c:\program files (x86)\microsoft visual studio 14.0\vc\include\cmath(532): error C2039: 'logbl': is not a member of '`global namespace''
     1>c:\program files (x86)\microsoft visual studio 14.0\vc\include\cmath(537): error C2039: 'lrintl': is not a member of '`global namespace''
     1>c:\program files (x86)\microsoft visual studio 14.0\vc\include\cmath(542): error C2039: 'lroundl': is not a member of '`global namespace''
     1>c:\program files (x86)\microsoft visual studio 14.0\vc\include\cmath(548): error C2039: 'modfl': is not a member of '`global namespace''
     1>c:\program files (x86)\microsoft visual studio 14.0\vc\include\cmath(553): error C2039: 'nearbyintl': is not a member of '`global namespace''
     1>c:\program files (x86)\microsoft visual studio 14.0\vc\include\cmath(559): error C2039: 'nextafterl': is not a member of '`global namespace''
     1>c:\program files (x86)\microsoft visual studio 14.0\vc\include\cmath(565): error C2039: 'nexttowardl': is not a member of '`global namespace''
     1>c:\program files (x86)\microsoft visual studio 14.0\vc\include\cmath(565): fatal error C1003: error count exceeds 100; stopping compilation
         ImageIO.cpp
     1>d:\development\c++\pxl2d\pxl2d\include\system\exception.h(14): error C2061: syntax error: identifier 'ErrorCode'
     1>d:\development\c++\pxl2d\pxl2d\include\system\exception.h(16): error C2061: syntax error: identifier 'ErrorCode'
     1>d:\development\c++\pxl2d\pxl2d\src\system\imageio.cpp(106): error C2660: 'pxl::system::show_exception': function does not take 2 arguments
     1>d:\development\c++\pxl2d\pxl2d\src\system\imageio.cpp(112): error C2660: 'pxl::system::show_exception': function does not take 2 arguments
     1>d:\development\c++\pxl2d\pxl2d\src\system\imageio.cpp(117): error C2660: 'pxl::system::show_exception': function does not take 2 arguments
     1>d:\development\c++\pxl2d\pxl2d\src\system\imageio.cpp(139): error C2660: 'pxl::system::show_exception': function does not take 2 arguments
     1>d:\development\c++\pxl2d\pxl2d\src\system\imageio.cpp(139): warning C4390: ';': empty controlled statement found; is this the intent?
         IO.cpp
     1>d:\development\c++\pxl2d\pxl2d\include\system\exception.h(14): error C2061: syntax error: identifier 'ErrorCode'
     1>d:\development\c++\pxl2d\pxl2d\include\system\exception.h(16): error C2061: syntax error: identifier 'ErrorCode'
     1>d:\development\c++\pxl2d\pxl2d\src\system\io.cpp(20): warning C4244: 'initializing': conversion from 'std::streamsize' to 'unsigned int', possible loss of data
     1>d:\development\c++\pxl2d\pxl2d\src\system\io.cpp(28): error C2660: 'pxl::system::show_exception': function does not take 4 arguments
     1>d:\development\c++\pxl2d\pxl2d\src\system\io.cpp(33): error C2660: 'pxl::system::show_exception': function does not take 4 arguments
     1>d:\development\c++\pxl2d\pxl2d\src\system\io.cpp(37): error C2660: 'pxl::system::show_exception': function does not take 4 arguments
         Exception.cpp
     1>c:\program files (x86)\microsoft visual studio 14.0\vc\include\cmath(37): error C2039: 'fabs': is not a member of '`global namespace''
     1>c:\program files (x86)\microsoft visual studio 14.0\vc\include\cmath(47): error C2039: 'fabsf': is not a member of '`global namespace''
     1>c:\program files (x86)\microsoft visual studio 14.0\vc\include\cmath(52): error C2039: 'acosf': is not a member of '`global namespace''
     1>c:\program files (x86)\microsoft visual studio 14.0\vc\include\cmath(57): error C2039: 'acoshf': is not a member of '`global namespace''
     1>c:\program files (x86)\microsoft visual studio 14.0\vc\include\cmath(62): error C2039: 'asinf': is not a member of '`global namespace''
     1>c:\program files (x86)\microsoft visual studio 14.0\vc\include\cmath(67): error C2039: 'asinhf': is not a member of '`global namespace''
     1>c:\program files (x86)\microsoft visual studio 14.0\vc\include\cmath(72): error C2039: 'atanf': is not a member of '`global namespace''
     1>c:\program files (x86)\microsoft visual studio 14.0\vc\include\cmath(77): error C2039: 'atanhf': is not a member of '`global namespace''
     1>c:\program files (x86)\microsoft visual studio 14.0\vc\include\cmath(82): error C2039: 'atan2f': is not a member of '`global namespace''
     1>c:\program files (x86)\microsoft visual studio 14.0\vc\include\cmath(87): error C2039: 'cbrtf': is not a member of '`global namespace''
     1>c:\program files (x86)\microsoft visual studio 14.0\vc\include\cmath(92): error C2039: 'ceilf': is not a member of '`global namespace''
     1>c:\program files (x86)\microsoft visual studio 14.0\vc\include\cmath(98): error C2039: 'copysignf': is not a member of '`global namespace''
     1>c:\program files (x86)\microsoft visual studio 14.0\vc\include\cmath(103): error C2039: 'cosf': is not a member of '`global namespace''
     1>c:\program files (x86)\microsoft visual studio 14.0\vc\include\cmath(108): error C2039: 'coshf': is not a member of '`global namespace''
     1>c:\program files (x86)\microsoft visual studio 14.0\vc\include\cmath(113): error C2039: 'erff': is not a member of '`global namespace''
     1>c:\program files (x86)\microsoft visual studio 14.0\vc\include\cmath(118): error C2039: 'erfcf': is not a member of '`global namespace''
     1>c:\program files (x86)\microsoft visual studio 14.0\vc\include\cmath(123): error C2039: 'expf': is not a member of '`global namespace''
     1>c:\program files (x86)\microsoft visual studio 14.0\vc\include\cmath(128): error C2039: 'exp2f': is not a member of '`global namespace''
     1>c:\program files (x86)\microsoft visual studio 14.0\vc\include\cmath(133): error C2039: 'expm1f': is not a member of '`global namespace''
     1>c:\program files (x86)\microsoft visual studio 14.0\vc\include\cmath(138): error C2039: 'fabsf': is not a member of '`global namespace''
     1>c:\program files (x86)\microsoft visual studio 14.0\vc\include\cmath(143): error C2039: 'fdimf': is not a member of '`global namespace''
     1>c:\program files (x86)\microsoft visual studio 14.0\vc\include\cmath(148): error C2039: 'floorf': is not a member of '`global namespace''
     1>c:\program files (x86)\microsoft visual studio 14.0\vc\include\cmath(154): error C2039: 'fmaf': is not a member of '`global namespace''
     1>c:\program files (x86)\microsoft visual studio 14.0\vc\include\cmath(159): error C2039: 'fmaxf': is not a member of '`global namespace''
     1>c:\program files (x86)\microsoft visual studio 14.0\vc\include\cmath(164): error C2039: 'fminf': is not a member of '`global namespace''
     1>c:\program files (x86)\microsoft visual studio 14.0\vc\include\cmath(169): error C2039: 'fmodf': is not a member of '`global namespace''
     1>c:\program files (x86)\microsoft visual studio 14.0\vc\include\cmath(174): error C2039: 'frexpf': is not a member of '`global namespace''
     1>c:\program files (x86)\microsoft visual studio 14.0\vc\include\cmath(179): error C2039: 'hypotf': is not a member of '`global namespace''
     1>c:\program files (x86)\microsoft visual studio 14.0\vc\include\cmath(184): error C2039: 'ilogbf': is not a member of '`global namespace''
     1>c:\program files (x86)\microsoft visual studio 14.0\vc\include\cmath(189): error C2039: 'ldexpf': is not a member of '`global namespace''
     1>c:\program files (x86)\microsoft visual studio 14.0\vc\include\cmath(194): error C2039: 'lgammaf': is not a member of '`global namespace''
     1>c:\program files (x86)\microsoft visual studio 14.0\vc\include\cmath(199): error C2039: 'llrintf': is not a member of '`global namespace''
     1>c:\program files (x86)\microsoft visual studio 14.0\vc\include\cmath(204): error C2039: 'llroundf': is not a member of '`global namespace''
     1>c:\program files (x86)\microsoft visual studio 14.0\vc\include\cmath(209): error C2039: 'logf': is not a member of '`global namespace''
     1>c:\program files (x86)\microsoft visual studio 14.0\vc\include\cmath(214): error C2039: 'log10f': is not a member of '`global namespace''
     1>c:\program files (x86)\microsoft visual studio 14.0\vc\include\cmath(219): error C2039: 'log1pf': is not a member of '`global namespace''
     1>c:\program files (x86)\microsoft visual studio 14.0\vc\include\cmath(224): error C2039: 'log2f': is not a member of '`global namespace''
     1>c:\program files (x86)\microsoft visual studio 14.0\vc\include\cmath(229): error C2039: 'logbf': is not a member of '`global namespace''
     1>c:\program files (x86)\microsoft visual studio 14.0\vc\include\cmath(234): error C2039: 'lrintf': is not a member of '`global namespace''
     1>c:\program files (x86)\microsoft visual studio 14.0\vc\include\cmath(239): error C2039: 'lroundf': is not a member of '`global namespace''
     1>c:\program files (x86)\microsoft visual studio 14.0\vc\include\cmath(244): error C2039: 'modff': is not a member of '`global namespace''
     1>c:\program files (x86)\microsoft visual studio 14.0\vc\include\cmath(249): error C2039: 'nearbyintf': is not a member of '`global namespace''
     1>c:\program files (x86)\microsoft visual studio 14.0\vc\include\cmath(254): error C2039: 'nextafterf': is not a member of '`global namespace''
     1>c:\program files (x86)\microsoft visual studio 14.0\vc\include\cmath(260): error C2039: 'nexttowardf': is not a member of '`global namespace''
     1>c:\program files (x86)\microsoft visual studio 14.0\vc\include\cmath(266): error C2039: 'powf': is not a member of '`global namespace''
     1>c:\program files (x86)\microsoft visual studio 14.0\vc\include\cmath(276): error C2039: 'remainderf': is not a member of '`global namespace''
     1>c:\program files (x86)\microsoft visual studio 14.0\vc\include\cmath(282): error C2039: 'remquof': is not a member of '`global namespace''
     1>c:\program files (x86)\microsoft visual studio 14.0\vc\include\cmath(287): error C2039: 'rintf': is not a member of '`global namespace''
     1>c:\program files (x86)\microsoft visual studio 14.0\vc\include\cmath(292): error C2039: 'roundf': is not a member of '`global namespace''
     1>c:\program files (x86)\microsoft visual studio 14.0\vc\include\cmath(297): error C2039: 'scalblnf': is not a member of '`global namespace''
     1>c:\program files (x86)\microsoft visual studio 14.0\vc\include\cmath(302): error C2039: 'scalbnf': is not a member of '`global namespace''
     1>c:\program files (x86)\microsoft visual studio 14.0\vc\include\cmath(307): error C2039: 'sinf': is not a member of '`global namespace''
     1>c:\program files (x86)\microsoft visual studio 14.0\vc\include\cmath(312): error C2039: 'sinhf': is not a member of '`global namespace''
     1>c:\program files (x86)\microsoft visual studio 14.0\vc\include\cmath(317): error C2039: 'sqrtf': is not a member of '`global namespace''
     1>c:\program files (x86)\microsoft visual studio 14.0\vc\include\cmath(322): error C2039: 'tanf': is not a member of '`global namespace''
     1>c:\program files (x86)\microsoft visual studio 14.0\vc\include\cmath(327): error C2039: 'tanhf': is not a member of '`global namespace''
     1>c:\program files (x86)\microsoft visual studio 14.0\vc\include\cmath(332): error C2039: 'tgammaf': is not a member of '`global namespace''
     1>c:\program files (x86)\microsoft visual studio 14.0\vc\include\cmath(337): error C2039: 'truncf': is not a member of '`global namespace''
     1>c:\program files (x86)\microsoft visual studio 14.0\vc\include\cmath(342): error C2039: 'fabsl': is not a member of '`global namespace''
     1>c:\program files (x86)\microsoft visual studio 14.0\vc\include\cmath(347): error C2039: 'acosl': is not a member of '`global namespace''
     1>c:\program files (x86)\microsoft visual studio 14.0\vc\include\cmath(352): error C2039: 'acoshl': is not a member of '`global namespace''
     1>c:\program files (x86)\microsoft visual studio 14.0\vc\include\cmath(357): error C2039: 'asinl': is not a member of '`global namespace''
     1>c:\program files (x86)\microsoft visual studio 14.0\vc\include\cmath(362): error C2039: 'asinhl': is not a member of '`global namespace''
     1>c:\program files (x86)\microsoft visual studio 14.0\vc\include\cmath(367): error C2039: 'atanl': is not a member of '`global namespace''
     1>c:\program files (x86)\microsoft visual studio 14.0\vc\include\cmath(372): error C2039: 'atanhl': is not a member of '`global namespace''
     1>c:\program files (x86)\microsoft visual studio 14.0\vc\include\cmath(378): error C2039: 'atan2l': is not a member of '`global namespace''
     1>c:\program files (x86)\microsoft visual studio 14.0\vc\include\cmath(383): error C2039: 'cbrtl': is not a member of '`global namespace''
     1>c:\program files (x86)\microsoft visual studio 14.0\vc\include\cmath(388): error C2039: 'ceill': is not a member of '`global namespace''
     1>c:\program files (x86)\microsoft visual studio 14.0\vc\include\cmath(394): error C2039: 'copysignl': is not a member of '`global namespace''
     1>c:\program files (x86)\microsoft visual studio 14.0\vc\include\cmath(399): error C2039: 'cosl': is not a member of '`global namespace''
     1>c:\program files (x86)\microsoft visual studio 14.0\vc\include\cmath(404): error C2039: 'coshl': is not a member of '`global namespace''
     1>c:\program files (x86)\microsoft visual studio 14.0\vc\include\cmath(409): error C2039: 'erfl': is not a member of '`global namespace''
     1>c:\program files (x86)\microsoft visual studio 14.0\vc\include\cmath(414): error C2039: 'erfcl': is not a member of '`global namespace''
     1>c:\program files (x86)\microsoft visual studio 14.0\vc\include\cmath(419): error C2039: 'expl': is not a member of '`global namespace''
     1>c:\program files (x86)\microsoft visual studio 14.0\vc\include\cmath(424): error C2039: 'exp2l': is not a member of '`global namespace''
     1>c:\program files (x86)\microsoft visual studio 14.0\vc\include\cmath(429): error C2039: 'expm1l': is not a member of '`global namespace''
     1>c:\program files (x86)\microsoft visual studio 14.0\vc\include\cmath(434): error C2039: 'fabsl': is not a member of '`global namespace''
     1>c:\program files (x86)\microsoft visual studio 14.0\vc\include\cmath(440): error C2039: 'fdiml': is not a member of '`global namespace''
     1>c:\program files (x86)\microsoft visual studio 14.0\vc\include\cmath(445): error C2039: 'floorl': is not a member of '`global namespace''
     1>c:\program files (x86)\microsoft visual studio 14.0\vc\include\cmath(451): error C2039: 'fmal': is not a member of '`global namespace''
     1>c:\program files (x86)\microsoft visual studio 14.0\vc\include\cmath(457): error C2039: 'fmaxl': is not a member of '`global namespace''
     1>c:\program files (x86)\microsoft visual studio 14.0\vc\include\cmath(463): error C2039: 'fminl': is not a member of '`global namespace''
     1>c:\program files (x86)\microsoft visual studio 14.0\vc\include\cmath(469): error C2039: 'fmodl': is not a member of '`global namespace''
     1>c:\program files (x86)\microsoft visual studio 14.0\vc\include\cmath(475): error C2039: 'frexpl': is not a member of '`global namespace''
     1>c:\program files (x86)\microsoft visual studio 14.0\vc\include\cmath(481): error C2039: 'hypotl': is not a member of '`global namespace''
     1>c:\program files (x86)\microsoft visual studio 14.0\vc\include\cmath(486): error C2039: 'ilogbl': is not a member of '`global namespace''
     1>c:\program files (x86)\microsoft visual studio 14.0\vc\include\cmath(492): error C2039: 'ldexpl': is not a member of '`global namespace''
     1>c:\program files (x86)\microsoft visual studio 14.0\vc\include\cmath(497): error C2039: 'lgammal': is not a member of '`global namespace''
     1>c:\program files (x86)\microsoft visual studio 14.0\vc\include\cmath(502): error C2039: 'llrintl': is not a member of '`global namespace''
     1>c:\program files (x86)\microsoft visual studio 14.0\vc\include\cmath(507): error C2039: 'llroundl': is not a member of '`global namespace''
     1>c:\program files (x86)\microsoft visual studio 14.0\vc\include\cmath(512): error C2039: 'logl': is not a member of '`global namespace''
     1>c:\program files (x86)\microsoft visual studio 14.0\vc\include\cmath(517): error C2039: 'log10l': is not a member of '`global namespace''
     1>c:\program files (x86)\microsoft visual studio 14.0\vc\include\cmath(522): error C2039: 'log1pl': is not a member of '`global namespace''
     1>c:\program files (x86)\microsoft visual studio 14.0\vc\include\cmath(527): error C2039: 'log2l': is not a member of '`global namespace''
     1>c:\program files (x86)\microsoft visual studio 14.0\vc\include\cmath(532): error C2039: 'logbl': is not a member of '`global namespace''
     1>c:\program files (x86)\microsoft visual studio 14.0\vc\include\cmath(537): error C2039: 'lrintl': is not a member of '`global namespace''
     1>c:\program files (x86)\microsoft visual studio 14.0\vc\include\cmath(542): error C2039: 'lroundl': is not a member of '`global namespace''
     1>c:\program files (x86)\microsoft visual studio 14.0\vc\include\cmath(548): error C2039: 'modfl': is not a member of '`global namespace''
     1>c:\program files (x86)\microsoft visual studio 14.0\vc\include\cmath(553): error C2039: 'nearbyintl': is not a member of '`global namespace''
     1>c:\program files (x86)\microsoft visual studio 14.0\vc\include\cmath(559): error C2039: 'nextafterl': is not a member of '`global namespace''
     1>c:\program files (x86)\microsoft visual studio 14.0\vc\include\cmath(565): error C2039: 'nexttowardl': is not a member of '`global namespace''
     1>c:\program files (x86)\microsoft visual studio 14.0\vc\include\cmath(565): fatal error C1003: error count exceeds 100; stopping compilation
         Event.cpp
     1>c:\program files (x86)\microsoft visual studio 14.0\vc\include\cstdint(18): error C2039: 'int8_t': is not a member of '`global namespace''
     1>c:\program files (x86)\microsoft visual studio 14.0\vc\include\cstdint(18): error C2873: 'int8_t': symbol cannot be used in a using-declaration
     1>c:\program files (x86)\microsoft visual studio 14.0\vc\include\cstdint(18): error C2039: 'int16_t': is not a member of '`global namespace''
     1>c:\program files (x86)\microsoft visual studio 14.0\vc\include\cstdint(18): error C2873: 'int16_t': symbol cannot be used in a using-declaration
     1>c:\program files (x86)\microsoft visual studio 14.0\vc\include\cstdint(19): error C2039: 'int32_t': is not a member of '`global namespace''
     1>c:\program files (x86)\microsoft visual studio 14.0\vc\include\cstdint(19): error C2873: 'int32_t': symbol cannot be used in a using-declaration
     1>c:\program files (x86)\microsoft visual studio 14.0\vc\include\cstdint(19): error C2039: 'int64_t': is not a member of '`global namespace''
     1>c:\program files (x86)\microsoft visual studio 14.0\vc\include\cstdint(19): error C2873: 'int64_t': symbol cannot be used in a using-declaration
     1>c:\program files (x86)\microsoft visual studio 14.0\vc\include\cstdint(20): error C2039: 'uint8_t': is not a member of '`global namespace''
     1>c:\program files (x86)\microsoft visual studio 14.0\vc\include\cstdint(20): error C2873: 'uint8_t': symbol cannot be used in a using-declaration
     1>c:\program files (x86)\microsoft visual studio 14.0\vc\include\cstdint(20): error C2039: 'uint16_t': is not a member of '`global namespace''
     1>c:\program files (x86)\microsoft visual studio 14.0\vc\include\cstdint(20): error C2873: 'uint16_t': symbol cannot be used in a using-declaration
     1>c:\program files (x86)\microsoft visual studio 14.0\vc\include\cstdint(21): error C2039: 'uint32_t': is not a member of '`global namespace''
     1>c:\program files (x86)\microsoft visual studio 14.0\vc\include\cstdint(21): error C2873: 'uint32_t': symbol cannot be used in a using-declaration
     1>c:\program files (x86)\microsoft visual studio 14.0\vc\include\cstdint(21): error C2039: 'uint64_t': is not a member of '`global namespace''
     1>c:\program files (x86)\microsoft visual studio 14.0\vc\include\cstdint(21): error C2873: 'uint64_t': symbol cannot be used in a using-declaration
     1>c:\program files (x86)\microsoft visual studio 14.0\vc\include\cstdint(23): error C2039: 'int_least8_t': is not a member of '`global namespace''
     1>c:\program files (x86)\microsoft visual studio 14.0\vc\include\cstdint(23): error C2873: 'int_least8_t': symbol cannot be used in a using-declaration
     1>c:\program files (x86)\microsoft visual studio 14.0\vc\include\cstdint(23): error C2039: 'int_least16_t': is not a member of '`global namespace''
     1>c:\program files (x86)\microsoft visual studio 14.0\vc\include\cstdint(23): error C2873: 'int_least16_t': symbol cannot be used in a using-declaration
     1>c:\program files (x86)\microsoft visual studio 14.0\vc\include\cstdint(24): error C2039: 'int_least32_t': is not a member of '`global namespace''
     1>c:\program files (x86)\microsoft visual studio 14.0\vc\include\cstdint(24): error C2873: 'int_least32_t': symbol cannot be used in a using-declaration
     1>c:\program files (x86)\microsoft visual studio 14.0\vc\include\cstdint(24): error C2039: 'int_least64_t': is not a member of '`global namespace''
     1>c:\program files (x86)\microsoft visual studio 14.0\vc\include\cstdint(24): error C2873: 'int_least64_t': symbol cannot be used in a using-declaration
     1>c:\program files (x86)\microsoft visual studio 14.0\vc\include\cstdint(25): error C2039: 'uint_least8_t': is not a member of '`global namespace''
     1>c:\program files (x86)\microsoft visual studio 14.0\vc\include\cstdint(25): error C2873: 'uint_least8_t': symbol cannot be used in a using-declaration
     1>c:\program files (x86)\microsoft visual studio 14.0\vc\include\cstdint(25): error C2039: 'uint_least16_t': is not a member of '`global namespace''
     1>c:\program files (x86)\microsoft visual studio 14.0\vc\include\cstdint(25): error C2873: 'uint_least16_t': symbol cannot be used in a using-declaration
     1>c:\program files (x86)\microsoft visual studio 14.0\vc\include\cstdint(26): error C2039: 'uint_least32_t': is not a member of '`global namespace''
     1>c:\program files (x86)\microsoft visual studio 14.0\vc\include\cstdint(26): error C2873: 'uint_least32_t': symbol cannot be used in a using-declaration
     1>c:\program files (x86)\microsoft visual studio 14.0\vc\include\cstdint(26): error C2039: 'uint_least64_t': is not a member of '`global namespace''
     1>c:\program files (x86)\microsoft visual studio 14.0\vc\include\cstdint(26): error C2873: 'uint_least64_t': symbol cannot be used in a using-declaration
     1>c:\program files (x86)\microsoft visual studio 14.0\vc\include\cstdint(28): error C2039: 'int_fast8_t': is not a member of '`global namespace''
     1>c:\program files (x86)\microsoft visual studio 14.0\vc\include\cstdint(28): error C2873: 'int_fast8_t': symbol cannot be used in a using-declaration
     1>c:\program files (x86)\microsoft visual studio 14.0\vc\include\cstdint(28): error C2039: 'int_fast16_t': is not a member of '`global namespace''
     1>c:\program files (x86)\microsoft visual studio 14.0\vc\include\cstdint(28): error C2873: 'int_fast16_t': symbol cannot be used in a using-declaration
     1>c:\program files (x86)\microsoft visual studio 14.0\vc\include\cstdint(29): error C2039: 'int_fast32_t': is not a member of '`global namespace''
     1>c:\program files (x86)\microsoft visual studio 14.0\vc\include\cstdint(29): error C2873: 'int_fast32_t': symbol cannot be used in a using-declaration
     1>c:\program files (x86)\microsoft visual studio 14.0\vc\include\cstdint(29): error C2039: 'int_fast64_t': is not a member of '`global namespace''
     1>c:\program files (x86)\microsoft visual studio 14.0\vc\include\cstdint(29): error C2873: 'int_fast64_t': symbol cannot be used in a using-declaration
     1>c:\program files (x86)\microsoft visual studio 14.0\vc\include\cstdint(30): error C2039: 'uint_fast8_t': is not a member of '`global namespace''
     1>c:\program files (x86)\microsoft visual studio 14.0\vc\include\cstdint(30): error C2873: 'uint_fast8_t': symbol cannot be used in a using-declaration
     1>c:\program files (x86)\microsoft visual studio 14.0\vc\include\cstdint(30): error C2039: 'uint_fast16_t': is not a member of '`global namespace''
     1>c:\program files (x86)\microsoft visual studio 14.0\vc\include\cstdint(30): error C2873: 'uint_fast16_t': symbol cannot be used in a using-declaration
     1>c:\program files (x86)\microsoft visual studio 14.0\vc\include\cstdint(31): error C2039: 'uint_fast32_t': is not a member of '`global namespace''
     1>c:\program files (x86)\microsoft visual studio 14.0\vc\include\cstdint(31): error C2873: 'uint_fast32_t': symbol cannot be used in a using-declaration
     1>c:\program files (x86)\microsoft visual studio 14.0\vc\include\cstdint(31): error C2039: 'uint_fast64_t': is not a member of '`global namespace''
     1>c:\program files (x86)\microsoft visual studio 14.0\vc\include\cstdint(31): error C2873: 'uint_fast64_t': symbol cannot be used in a using-declaration
     1>c:\program files (x86)\microsoft visual studio 14.0\vc\include\cstdint(33): error C2039: 'intmax_t': is not a member of '`global namespace''
     1>c:\program files (x86)\microsoft visual studio 14.0\vc\include\cstdint(33): error C2873: 'intmax_t': symbol cannot be used in a using-declaration
     1>c:\program files (x86)\microsoft visual studio 14.0\vc\include\cstdint(33): error C2039: 'intptr_t': is not a member of '`global namespace''
     1>c:\program files (x86)\microsoft visual studio 14.0\vc\include\cstdint(33): error C2873: 'intptr_t': symbol cannot be used in a using-declaration
     1>c:\program files (x86)\microsoft visual studio 14.0\vc\include\cstdint(34): error C2039: 'uintmax_t': is not a member of '`global namespace''
     1>c:\program files (x86)\microsoft visual studio 14.0\vc\include\cstdint(34): error C2873: 'uintmax_t': symbol cannot be used in a using-declaration
     1>c:\program files (x86)\microsoft visual studio 14.0\vc\include\cstdint(34): error C2039: 'uintptr_t': is not a member of '`global namespace''
     1>c:\program files (x86)\microsoft visual studio 14.0\vc\include\cstdint(34): error C2873: 'uintptr_t': symbol cannot be used in a using-declaration
     1>c:\program files (x86)\microsoft visual studio 14.0\vc\include\cstdint(37): error C2039: 'int8_t': is not a member of '`global namespace''
     1>c:\program files (x86)\microsoft visual studio 14.0\vc\include\cstdint(37): error C2873: 'int8_t': symbol cannot be used in a using-declaration
     1>c:\program files (x86)\microsoft visual studio 14.0\vc\include\cstdint(37): error C2039: 'int16_t': is not a member of '`global namespace''
     1>c:\program files (x86)\microsoft visual studio 14.0\vc\include\cstdint(37): error C2873: 'int16_t': symbol cannot be used in a using-declaration
     1>c:\program files (x86)\microsoft visual studio 14.0\vc\include\cstdint(38): error C2039: 'int32_t': is not a member of '`global namespace''
     1>c:\program files (x86)\microsoft visual studio 14.0\vc\include\cstdint(38): error C2873: 'int32_t': symbol cannot be used in a using-declaration
     1>c:\program files (x86)\microsoft visual studio 14.0\vc\include\cstdint(38): error C2039: 'int64_t': is not a member of '`global namespace''
     1>c:\program files (x86)\microsoft visual studio 14.0\vc\include\cstdint(38): error C2873: 'int64_t': symbol cannot be used in a using-declaration
     1>c:\program files (x86)\microsoft visual studio 14.0\vc\include\cstdint(39): error C2039: 'uint8_t': is not a member of '`global namespace''
     1>c:\program files (x86)\microsoft visual studio 14.0\vc\include\cstdint(39): error C2873: 'uint8_t': symbol cannot be used in a using-declaration
     1>c:\program files (x86)\microsoft visual studio 14.0\vc\include\cstdint(39): error C2039: 'uint16_t': is not a member of '`global namespace''
     1>c:\program files (x86)\microsoft visual studio 14.0\vc\include\cstdint(39): error C2873: 'uint16_t': symbol cannot be used in a using-declaration
     1>c:\program files (x86)\microsoft visual studio 14.0\vc\include\cstdint(40): error C2039: 'uint32_t': is not a member of '`global namespace''
     1>c:\program files (x86)\microsoft visual studio 14.0\vc\include\cstdint(40): error C2873: 'uint32_t': symbol cannot be used in a using-declaration
     1>c:\program files (x86)\microsoft visual studio 14.0\vc\include\cstdint(40): error C2039: 'uint64_t': is not a member of '`global namespace''
     1>c:\program files (x86)\microsoft visual studio 14.0\vc\include\cstdint(40): error C2873: 'uint64_t': symbol cannot be used in a using-declaration
     1>c:\program files (x86)\microsoft visual studio 14.0\vc\include\cstdint(42): error C2039: 'int_least8_t': is not a member of '`global namespace''
     1>c:\program files (x86)\microsoft visual studio 14.0\vc\include\cstdint(42): error C2873: 'int_least8_t': symbol cannot be used in a using-declaration
     1>c:\program files (x86)\microsoft visual studio 14.0\vc\include\cstdint(42): error C2039: 'int_least16_t': is not a member of '`global namespace''
     1>c:\program files (x86)\microsoft visual studio 14.0\vc\include\cstdint(42): error C2873: 'int_least16_t': symbol cannot be used in a using-declaration
     1>c:\program files (x86)\microsoft visual studio 14.0\vc\include\cstdint(43): error C2039: 'int_least32_t': is not a member of '`global namespace''
     1>c:\program files (x86)\microsoft visual studio 14.0\vc\include\cstdint(43): error C2873: 'int_least32_t': symbol cannot be used in a using-declaration
     1>c:\program files (x86)\microsoft visual studio 14.0\vc\include\cstdint(43): error C2039: 'int_least64_t': is not a member of '`global namespace''
     1>c:\program files (x86)\microsoft visual studio 14.0\vc\include\cstdint(43): error C2873: 'int_least64_t': symbol cannot be used in a using-declaration
     1>c:\program files (x86)\microsoft visual studio 14.0\vc\include\cstdint(44): error C2039: 'uint_least8_t': is not a member of '`global namespace''
     1>c:\program files (x86)\microsoft visual studio 14.0\vc\include\cstdint(44): error C2873: 'uint_least8_t': symbol cannot be used in a using-declaration
     1>c:\program files (x86)\microsoft visual studio 14.0\vc\include\cstdint(44): error C2039: 'uint_least16_t': is not a member of '`global namespace''
     1>c:\program files (x86)\microsoft visual studio 14.0\vc\include\cstdint(44): error C2873: 'uint_least16_t': symbol cannot be used in a using-declaration
     1>c:\program files (x86)\microsoft visual studio 14.0\vc\include\cstdint(45): error C2039: 'uint_least32_t': is not a member of '`global namespace''
     1>c:\program files (x86)\microsoft visual studio 14.0\vc\include\cstdint(45): error C2873: 'uint_least32_t': symbol cannot be used in a using-declaration
     1>c:\program files (x86)\microsoft visual studio 14.0\vc\include\cstdint(45): error C2039: 'uint_least64_t': is not a member of '`global namespace''
     1>c:\program files (x86)\microsoft visual studio 14.0\vc\include\cstdint(45): error C2873: 'uint_least64_t': symbol cannot be used in a using-declaration
     1>c:\program files (x86)\microsoft visual studio 14.0\vc\include\cstdint(47): error C2039: 'int_fast8_t': is not a member of '`global namespace''
     1>c:\program files (x86)\microsoft visual studio 14.0\vc\include\cstdint(47): error C2873: 'int_fast8_t': symbol cannot be used in a using-declaration
     1>c:\program files (x86)\microsoft visual studio 14.0\vc\include\cstdint(47): error C2039: 'int_fast16_t': is not a member of '`global namespace''
     1>c:\program files (x86)\microsoft visual studio 14.0\vc\include\cstdint(47): error C2873: 'int_fast16_t': symbol cannot be used in a using-declaration
     1>c:\program files (x86)\microsoft visual studio 14.0\vc\include\cstdint(48): error C2039: 'int_fast32_t': is not a member of '`global namespace''
     1>c:\program files (x86)\microsoft visual studio 14.0\vc\include\cstdint(48): error C2873: 'int_fast32_t': symbol cannot be used in a using-declaration
     1>c:\program files (x86)\microsoft visual studio 14.0\vc\include\cstdint(48): error C2039: 'int_fast64_t': is not a member of '`global namespace''
     1>c:\program files (x86)\microsoft visual studio 14.0\vc\include\cstdint(48): error C2873: 'int_fast64_t': symbol cannot be used in a using-declaration
     1>c:\program files (x86)\microsoft visual studio 14.0\vc\include\cstdint(49): error C2039: 'uint_fast8_t': is not a member of '`global namespace''
     1>c:\program files (x86)\microsoft visual studio 14.0\vc\include\cstdint(49): error C2873: 'uint_fast8_t': symbol cannot be used in a using-declaration
     1>c:\program files (x86)\microsoft visual studio 14.0\vc\include\cstdint(49): error C2039: 'uint_fast16_t': is not a member of '`global namespace''
     1>c:\program files (x86)\microsoft visual studio 14.0\vc\include\cstdint(49): error C2873: 'uint_fast16_t': symbol cannot be used in a using-declaration
     1>c:\program files (x86)\microsoft visual studio 14.0\vc\include\cstdint(50): error C2039: 'uint_fast32_t': is not a member of '`global namespace''
     1>c:\program files (x86)\microsoft visual studio 14.0\vc\include\cstdint(50): fatal error C1003: error count exceeds 100; stopping compilation
         Joystick.cpp
     1>d:\development\c++\pxl2d\pxl2d\include\system\exception.h(14): error C2061: syntax error: identifier 'ErrorCode'
     1>d:\development\c++\pxl2d\pxl2d\include\system\exception.h(16): error C2061: syntax error: identifier 'ErrorCode'
     1>c:\program files (x86)\windows kits\8.1\include\um\winnt.h(18593): warning C4005: 'KEY_EXECUTE': macro redefinition
         d:\development\c++\pxl2d\pxl2d\include\input\keyboard.h(59): note: see previous definition of 'KEY_EXECUTE'
         TextureSheet.cpp
     1>d:\development\c++\pxl2d\pxl2d\include\system\exception.h(14): error C2061: syntax error: identifier 'ErrorCode'
     1>d:\development\c++\pxl2d\pxl2d\include\system\exception.h(16): error C2061: syntax error: identifier 'ErrorCode'
     1>d:\development\c++\pxl2d\pxl2d\include\system\windowimpl.h(21): error C3646: 'hwnd': unknown override specifier
     1>d:\development\c++\pxl2d\pxl2d\include\system\windowimpl.h(21): error C4430: missing type specifier - int assumed. Note: C++ does not support default-int
     1>d:\development\c++\pxl2d\pxl2d\include\system\win32\win32window.h(21): error C2504: 'WindowImpl': base class undefined
     1>d:\development\c++\pxl2d\pxl2d\include\system\win32\win32window.h(32): error C2079: 'pxl::system::pxl::system::Win32Window::device_context_handle' uses undefined class 'pxl::system::HDC'
     1>d:\development\c++\pxl2d\pxl2d\include\system\win32\win32window.h(33): error C2079: 'pxl::system::pxl::system::Win32Window::gl_render_context_handle' uses undefined class 'pxl::system::HGLRC'
     1>d:\development\c++\pxl2d\pxl2d\include\system\win32\win32window.h(34): error C2079: 'pxl::system::pxl::system::Win32Window::instance_handle' uses undefined class 'pxl::system::HINSTANCE'
     1>d:\development\c++\pxl2d\pxl2d\include\system\win32\win32window.h(35): error C2079: 'pxl::system::pxl::system::Win32Window::win_class' uses undefined class 'pxl::system::WNDCLASS'
     1>d:\development\c++\pxl2d\pxl2d\include\system\win32\win32window.h(36): error C3646: 'win_handle': unknown override specifier
     1>d:\development\c++\pxl2d\pxl2d\include\system\win32\win32window.h(36): error C4430: missing type specifier - int assumed. Note: C++ does not support default-int
     1>d:\development\c++\pxl2d\pxl2d\include\system\win32\win32window.h(57): error C3646: 'msg': unknown override specifier
     1>d:\development\c++\pxl2d\pxl2d\include\system\win32\win32window.h(57): error C4430: missing type specifier - int assumed. Note: C++ does not support default-int
     1>d:\development\c++\pxl2d\pxl2d\include\system\window.h(11): error C4430: missing type specifier - int assumed. Note: C++ does not support default-int
     1>d:\development\c++\pxl2d\pxl2d\include\system\window.h(11): error C2146: syntax error: missing ';' before identifier 'WinImplClass'
     1>d:\development\c++\pxl2d\pxl2d\include\system\window.h(23): error C2516: 'pxl::system::WinImplClass': is not a legal base class
         d:\development\c++\pxl2d\pxl2d\include\system\window.h(11): note: see declaration of 'pxl::system::WinImplClass'
     1>d:\development\c++\pxl2d\pxl2d\include\system\window.h(34): error C3861: 'create_window': identifier not found
     1>d:\development\c++\pxl2d\pxl2d\include\system\window.h(40): error C2660: 'free': function does not take 0 arguments
     1>d:\development\c++\pxl2d\pxl2d\src\graphics\texturesheet.cpp(19): error C2660: 'pxl::system::show_exception': function does not take 2 arguments
     1>d:\development\c++\pxl2d\pxl2d\src\graphics\texturesheet.cpp(24): error C2660: 'pxl::system::show_exception': function does not take 2 arguments
     1>d:\development\c++\pxl2d\pxl2d\src\graphics\texturesheet.cpp(53): warning C4244: '=': conversion from 'int' to 'float', possible loss of data
     1>d:\development\c++\pxl2d\pxl2d\src\graphics\texturesheet.cpp(87): error C2660: 'pxl::system::show_exception': function does not take 2 arguments
     1>d:\development\c++\pxl2d\pxl2d\src\graphics\texturesheet.cpp(92): warning C4244: 'initializing': conversion from 'float' to 'int', possible loss of data
     1>d:\development\c++\pxl2d\pxl2d\src\graphics\texturesheet.cpp(93): warning C4244: 'initializing': conversion from 'float' to 'int', possible loss of data
         Texture.cpp
     1>d:\development\c++\pxl2d\pxl2d\include\system\exception.h(14): error C2061: syntax error: identifier 'ErrorCode'
     1>d:\development\c++\pxl2d\pxl2d\include\system\exception.h(16): error C2061: syntax error: identifier 'ErrorCode'
     1>d:\development\c++\pxl2d\pxl2d\src\graphics\texture.cpp(30): error C2660: 'pxl::system::show_exception': function does not take 2 arguments
     1>d:\development\c++\pxl2d\pxl2d\src\graphics\texture.cpp(37): error C2660: 'pxl::system::show_exception': function does not take 2 arguments
         Text.cpp
     1>d:\development\c++\pxl2d\pxl2d\include\system\exception.h(14): error C2061: syntax error: identifier 'ErrorCode'
     1>d:\development\c++\pxl2d\pxl2d\include\system\exception.h(16): error C2061: syntax error: identifier 'ErrorCode'
     1>d:\development\c++\pxl2d\pxl2d\include\system\windowimpl.h(21): error C3646: 'hwnd': unknown override specifier
     1>d:\development\c++\pxl2d\pxl2d\include\system\windowimpl.h(21): error C4430: missing type specifier - int assumed. Note: C++ does not support default-int
     1>d:\development\c++\pxl2d\pxl2d\include\system\win32\win32window.h(21): error C2504: 'WindowImpl': base class undefined
     1>d:\development\c++\pxl2d\pxl2d\include\system\win32\win32window.h(32): error C2079: 'pxl::system::pxl::system::Win32Window::device_context_handle' uses undefined class 'pxl::system::HDC'
     1>d:\development\c++\pxl2d\pxl2d\include\system\win32\win32window.h(33): error C2079: 'pxl::system::pxl::system::Win32Window::gl_render_context_handle' uses undefined class 'pxl::system::HGLRC'
     1>d:\development\c++\pxl2d\pxl2d\include\system\win32\win32window.h(34): error C2079: 'pxl::system::pxl::system::Win32Window::instance_handle' uses undefined class 'pxl::system::HINSTANCE'
     1>d:\development\c++\pxl2d\pxl2d\include\system\win32\win32window.h(35): error C2079: 'pxl::system::pxl::system::Win32Window::win_class' uses undefined class 'pxl::system::WNDCLASS'
     1>d:\development\c++\pxl2d\pxl2d\include\system\win32\win32window.h(36): error C3646: 'win_handle': unknown override specifier
     1>d:\development\c++\pxl2d\pxl2d\include\system\win32\win32window.h(36): error C4430: missing type specifier - int assumed. Note: C++ does not support default-int
     1>d:\development\c++\pxl2d\pxl2d\include\system\win32\win32window.h(57): error C3646: 'msg': unknown override specifier
     1>d:\development\c++\pxl2d\pxl2d\include\system\win32\win32window.h(57): error C4430: missing type specifier - int assumed. Note: C++ does not support default-int
     1>d:\development\c++\pxl2d\pxl2d\include\system\window.h(11): error C4430: missing type specifier - int assumed. Note: C++ does not support default-int
     1>d:\development\c++\pxl2d\pxl2d\include\system\window.h(11): error C2146: syntax error: missing ';' before identifier 'WinImplClass'
     1>d:\development\c++\pxl2d\pxl2d\include\system\window.h(23): error C2516: 'pxl::system::WinImplClass': is not a legal base class
         d:\development\c++\pxl2d\pxl2d\include\system\window.h(11): note: see declaration of 'pxl::system::WinImplClass'
     1>d:\development\c++\pxl2d\pxl2d\include\system\window.h(34): error C3861: 'create_window': identifier not found
     1>d:\development\c++\pxl2d\pxl2d\include\system\window.h(40): error C2660: 'free': function does not take 0 arguments
     1>d:\development\c++\pxl2d\pxl2d\include\graphics\sprite.h(60): warning C4244: 'return': conversion from 'int' to 'float', possible loss of data
     1>d:\development\c++\pxl2d\pxl2d\include\graphics\sprite.h(61): warning C4244: 'return': conversion from 'int' to 'float', possible loss of data
     1>d:\development\c++\pxl2d\pxl2d\include\graphics\text.h(112): warning C4244: 'argument': conversion from 'int' to 'float', possible loss of data
     1>d:\development\c++\pxl2d\pxl2d\src\graphics\text.cpp(14): warning C4244: '=': conversion from 'int' to 'float', possible loss of data
     1>d:\development\c++\pxl2d\pxl2d\src\graphics\text.cpp(15): warning C4244: '=': conversion from 'int' to 'float', possible loss of data
     1>d:\development\c++\pxl2d\pxl2d\src\graphics\text.cpp(35): warning C4244: '=': conversion from 'int' to 'float', possible loss of data
     1>d:\development\c++\pxl2d\pxl2d\src\graphics\text.cpp(46): warning C4244: '=': conversion from 'int' to 'float', possible loss of data
     1>d:\development\c++\pxl2d\pxl2d\src\graphics\text.cpp(52): warning C4244: 'argument': conversion from 'float' to 'int', possible loss of data
         Sprite.cpp
     1>d:\development\c++\pxl2d\pxl2d\include\system\exception.h(14): error C2061: syntax error: identifier 'ErrorCode'
     1>d:\development\c++\pxl2d\pxl2d\include\system\exception.h(16): error C2061: syntax error: identifier 'ErrorCode'
     1>d:\development\c++\pxl2d\pxl2d\include\system\windowimpl.h(21): error C3646: 'hwnd': unknown override specifier
     1>d:\development\c++\pxl2d\pxl2d\include\system\windowimpl.h(21): error C4430: missing type specifier - int assumed. Note: C++ does not support default-int
     1>d:\development\c++\pxl2d\pxl2d\include\system\win32\win32window.h(21): error C2504: 'WindowImpl': base class undefined
     1>d:\development\c++\pxl2d\pxl2d\include\system\win32\win32window.h(32): error C2079: 'pxl::system::pxl::system::Win32Window::device_context_handle' uses undefined class 'pxl::system::HDC'
     1>d:\development\c++\pxl2d\pxl2d\include\system\win32\win32window.h(33): error C2079: 'pxl::system::pxl::system::Win32Window::gl_render_context_handle' uses undefined class 'pxl::system::HGLRC'
     1>d:\development\c++\pxl2d\pxl2d\include\system\win32\win32window.h(34): error C2079: 'pxl::system::pxl::system::Win32Window::instance_handle' uses undefined class 'pxl::system::HINSTANCE'
     1>d:\development\c++\pxl2d\pxl2d\include\system\win32\win32window.h(35): error C2079: 'pxl::system::pxl::system::Win32Window::win_class' uses undefined class 'pxl::system::WNDCLASS'
     1>d:\development\c++\pxl2d\pxl2d\include\system\win32\win32window.h(36): error C3646: 'win_handle': unknown override specifier
     1>d:\development\c++\pxl2d\pxl2d\include\system\win32\win32window.h(36): error C4430: missing type specifier - int assumed. Note: C++ does not support default-int
     1>d:\development\c++\pxl2d\pxl2d\include\system\win32\win32window.h(57): error C3646: 'msg': unknown override specifier
     1>d:\development\c++\pxl2d\pxl2d\include\system\win32\win32window.h(57): error C4430: missing type specifier - int assumed. Note: C++ does not support default-int
     1>d:\development\c++\pxl2d\pxl2d\include\system\window.h(11): error C4430: missing type specifier - int assumed. Note: C++ does not support default-int
     1>d:\development\c++\pxl2d\pxl2d\include\system\window.h(11): error C2146: syntax error: missing ';' before identifier 'WinImplClass'
     1>d:\development\c++\pxl2d\pxl2d\include\system\window.h(23): error C2516: 'pxl::system::WinImplClass': is not a legal base class
         d:\development\c++\pxl2d\pxl2d\include\system\window.h(11): note: see declaration of 'pxl::system::WinImplClass'
     1>d:\development\c++\pxl2d\pxl2d\include\system\window.h(34): error C3861: 'create_window': identifier not found
     1>d:\development\c++\pxl2d\pxl2d\include\system\window.h(40): error C2660: 'free': function does not take 0 arguments
     1>d:\development\c++\pxl2d\pxl2d\include\graphics\sprite.h(60): warning C4244: 'return': conversion from 'int' to 'float', possible loss of data
     1>d:\development\c++\pxl2d\pxl2d\include\graphics\sprite.h(61): warning C4244: 'return': conversion from 'int' to 'float', possible loss of data
         ShaderUtils.cpp
     1>d:\development\c++\pxl2d\pxl2d\include\system\exception.h(14): error C2061: syntax error: identifier 'ErrorCode'
     1>d:\development\c++\pxl2d\pxl2d\include\system\exception.h(16): error C2061: syntax error: identifier 'ErrorCode'
     1>d:\development\c++\pxl2d\pxl2d\include\system\windowimpl.h(21): error C3646: 'hwnd': unknown override specifier
     1>d:\development\c++\pxl2d\pxl2d\include\system\windowimpl.h(21): error C4430: missing type specifier - int assumed. Note: C++ does not support default-int
     1>d:\development\c++\pxl2d\pxl2d\include\system\win32\win32window.h(21): error C2504: 'WindowImpl': base class undefined
     1>d:\development\c++\pxl2d\pxl2d\include\system\win32\win32window.h(32): error C2079: 'pxl::system::pxl::system::Win32Window::device_context_handle' uses undefined class 'pxl::system::HDC'
     1>d:\development\c++\pxl2d\pxl2d\include\system\win32\win32window.h(33): error C2079: 'pxl::system::pxl::system::Win32Window::gl_render_context_handle' uses undefined class 'pxl::system::HGLRC'
     1>d:\development\c++\pxl2d\pxl2d\include\system\win32\win32window.h(34): error C2079: 'pxl::system::pxl::system::Win32Window::instance_handle' uses undefined class 'pxl::system::HINSTANCE'
     1>d:\development\c++\pxl2d\pxl2d\include\system\win32\win32window.h(35): error C2079: 'pxl::system::pxl::system::Win32Window::win_class' uses undefined class 'pxl::system::WNDCLASS'
     1>d:\development\c++\pxl2d\pxl2d\include\system\win32\win32window.h(36): error C3646: 'win_handle': unknown override specifier
     1>d:\development\c++\pxl2d\pxl2d\include\system\win32\win32window.h(36): error C4430: missing type specifier - int assumed. Note: C++ does not support default-int
     1>d:\development\c++\pxl2d\pxl2d\include\system\win32\win32window.h(57): error C3646: 'msg': unknown override specifier
     1>d:\development\c++\pxl2d\pxl2d\include\system\win32\win32window.h(57): error C4430: missing type specifier - int assumed. Note: C++ does not support default-int
     1>d:\development\c++\pxl2d\pxl2d\include\system\window.h(11): error C4430: missing type specifier - int assumed. Note: C++ does not support default-int
     1>d:\development\c++\pxl2d\pxl2d\include\system\window.h(11): error C2146: syntax error: missing ';' before identifier 'WinImplClass'
     1>d:\development\c++\pxl2d\pxl2d\include\system\window.h(23): error C2516: 'pxl::system::WinImplClass': is not a legal base class
         d:\development\c++\pxl2d\pxl2d\include\system\window.h(11): note: see declaration of 'pxl::system::WinImplClass'
     1>d:\development\c++\pxl2d\pxl2d\include\system\window.h(34): error C3861: 'create_window': identifier not found
     1>d:\development\c++\pxl2d\pxl2d\include\system\window.h(40): error C2660: 'free': function does not take 0 arguments
     1>d:\development\c++\pxl2d\pxl2d\src\graphics\shaderutils.cpp(104): error C2660: 'pxl::system::show_exception': function does not take 4 arguments
     1>d:\development\c++\pxl2d\pxl2d\src\graphics\shaderutils.cpp(125): warning C4244: 'initializing': conversion from 'std::streamsize' to 'unsigned int', possible loss of data
     1>d:\development\c++\pxl2d\pxl2d\src\graphics\shaderutils.cpp(133): error C2660: 'pxl::system::show_exception': function does not take 4 arguments
     1>d:\development\c++\pxl2d\pxl2d\src\graphics\shaderutils.cpp(137): error C2660: 'pxl::system::show_exception': function does not take 4 arguments
     1>d:\development\c++\pxl2d\pxl2d\src\graphics\shaderutils.cpp(140): error C2660: 'pxl::system::show_exception': function does not take 4 arguments
         ShaderProgram.cpp
     1>d:\development\c++\pxl2d\pxl2d\include\system\exception.h(14): error C2061: syntax error: identifier 'ErrorCode'
     1>d:\development\c++\pxl2d\pxl2d\include\system\exception.h(16): error C2061: syntax error: identifier 'ErrorCode'
     1>d:\development\c++\pxl2d\pxl2d\src\graphics\shaderprogram.cpp(46): error C2660: 'pxl::system::show_exception': function does not take 4 arguments
     1>d:\development\c++\pxl2d\pxl2d\src\graphics\shaderprogram.cpp(67): error C2660: 'pxl::system::show_exception': function does not take 4 arguments
     1>d:\development\c++\pxl2d\pxl2d\src\graphics\shaderprogram.cpp(70): error C2660: 'pxl::system::show_exception': function does not take 4 arguments
     1>d:\development\c++\pxl2d\pxl2d\src\graphics\shaderprogram.cpp(73): error C2660: 'pxl::system::show_exception': function does not take 4 arguments
     1>d:\development\c++\pxl2d\pxl2d\src\graphics\shaderprogram.cpp(78): warning C4800: 'GLint': forcing value to bool 'true' or 'false' (performance warning)
         Lights.cpp
     1>d:\development\c++\pxl2d\pxl2d\include\system\exception.h(14): error C2061: syntax error: identifier 'ErrorCode'
     1>d:\development\c++\pxl2d\pxl2d\include\system\exception.h(16): error C2061: syntax error: identifier 'ErrorCode'
     1>d:\development\c++\pxl2d\pxl2d\include\system\windowimpl.h(21): error C3646: 'hwnd': unknown override specifier
     1>d:\development\c++\pxl2d\pxl2d\include\system\windowimpl.h(21): error C4430: missing type specifier - int assumed. Note: C++ does not support default-int
     1>d:\development\c++\pxl2d\pxl2d\include\system\win32\win32window.h(21): error C2504: 'WindowImpl': base class undefined
     1>d:\development\c++\pxl2d\pxl2d\include\system\win32\win32window.h(32): error C2079: 'pxl::system::pxl::system::Win32Window::device_context_handle' uses undefined class 'pxl::system::HDC'
     1>d:\development\c++\pxl2d\pxl2d\include\system\win32\win32window.h(33): error C2079: 'pxl::system::pxl::system::Win32Window::gl_render_context_handle' uses undefined class 'pxl::system::HGLRC'
     1>d:\development\c++\pxl2d\pxl2d\include\system\win32\win32window.h(34): error C2079: 'pxl::system::pxl::system::Win32Window::instance_handle' uses undefined class 'pxl::system::HINSTANCE'
     1>d:\development\c++\pxl2d\pxl2d\include\system\win32\win32window.h(35): error C2079: 'pxl::system::pxl::system::Win32Window::win_class' uses undefined class 'pxl::system::WNDCLASS'
     1>d:\development\c++\pxl2d\pxl2d\include\system\win32\win32window.h(36): error C3646: 'win_handle': unknown override specifier
     1>d:\development\c++\pxl2d\pxl2d\include\system\win32\win32window.h(36): error C4430: missing type specifier - int assumed. Note: C++ does not support default-int
     1>d:\development\c++\pxl2d\pxl2d\include\system\win32\win32window.h(57): error C3646: 'msg': unknown override specifier
     1>d:\development\c++\pxl2d\pxl2d\include\system\win32\win32window.h(57): error C4430: missing type specifier - int assumed. Note: C++ does not support default-int
     1>d:\development\c++\pxl2d\pxl2d\include\system\window.h(11): error C4430: missing type specifier - int assumed. Note: C++ does not support default-int
     1>d:\development\c++\pxl2d\pxl2d\include\system\window.h(11): error C2146: syntax error: missing ';' before identifier 'WinImplClass'
     1>d:\development\c++\pxl2d\pxl2d\include\system\window.h(23): error C2516: 'pxl::system::WinImplClass': is not a legal base class
         d:\development\c++\pxl2d\pxl2d\include\system\window.h(11): note: see declaration of 'pxl::system::WinImplClass'
     1>d:\development\c++\pxl2d\pxl2d\include\system\window.h(34): error C3861: 'create_window': identifier not found
     1>d:\development\c++\pxl2d\pxl2d\include\system\window.h(40): error C2660: 'free': function does not take 0 arguments
     1>d:\development\c++\pxl2d\pxl2d\src\graphics\lights.cpp(28): warning C4244: '=': conversion from 'int' to 'float', possible loss of data
     1>d:\development\c++\pxl2d\pxl2d\src\graphics\lights.cpp(59): warning C4018: '<': signed/unsigned mismatch
         GraphicsAPI.cpp
     1>c:\program files (x86)\microsoft visual studio 14.0\vc\include\cmath(37): error C2039: 'fabs': is not a member of '`global namespace''
     1>c:\program files (x86)\microsoft visual studio 14.0\vc\include\cmath(47): error C2039: 'fabsf': is not a member of '`global namespace''
     1>c:\program files (x86)\microsoft visual studio 14.0\vc\include\cmath(52): error C2039: 'acosf': is not a member of '`global namespace''
     1>c:\program files (x86)\microsoft visual studio 14.0\vc\include\cmath(57): error C2039: 'acoshf': is not a member of '`global namespace''
     1>c:\program files (x86)\microsoft visual studio 14.0\vc\include\cmath(62): error C2039: 'asinf': is not a member of '`global namespace''
     1>c:\program files (x86)\microsoft visual studio 14.0\vc\include\cmath(67): error C2039: 'asinhf': is not a member of '`global namespace''
     1>c:\program files (x86)\microsoft visual studio 14.0\vc\include\cmath(72): error C2039: 'atanf': is not a member of '`global namespace''
     1>c:\program files (x86)\microsoft visual studio 14.0\vc\include\cmath(77): error C2039: 'atanhf': is not a member of '`global namespace''
     1>c:\program files (x86)\microsoft visual studio 14.0\vc\include\cmath(82): error C2039: 'atan2f': is not a member of '`global namespace''
     1>c:\program files (x86)\microsoft visual studio 14.0\vc\include\cmath(87): error C2039: 'cbrtf': is not a member of '`global namespace''
     1>c:\program files (x86)\microsoft visual studio 14.0\vc\include\cmath(92): error C2039: 'ceilf': is not a member of '`global namespace''
     1>c:\program files (x86)\microsoft visual studio 14.0\vc\include\cmath(98): error C2039: 'copysignf': is not a member of '`global namespace''
     1>c:\program files (x86)\microsoft visual studio 14.0\vc\include\cmath(103): error C2039: 'cosf': is not a member of '`global namespace''
     1>c:\program files (x86)\microsoft visual studio 14.0\vc\include\cmath(108): error C2039: 'coshf': is not a member of '`global namespace''
     1>c:\program files (x86)\microsoft visual studio 14.0\vc\include\cmath(113): error C2039: 'erff': is not a member of '`global namespace''
     1>c:\program files (x86)\microsoft visual studio 14.0\vc\include\cmath(118): error C2039: 'erfcf': is not a member of '`global namespace''
     1>c:\program files (x86)\microsoft visual studio 14.0\vc\include\cmath(123): error C2039: 'expf': is not a member of '`global namespace''
     1>c:\program files (x86)\microsoft visual studio 14.0\vc\include\cmath(128): error C2039: 'exp2f': is not a member of '`global namespace''
     1>c:\program files (x86)\microsoft visual studio 14.0\vc\include\cmath(133): error C2039: 'expm1f': is not a member of '`global namespace''
     1>c:\program files (x86)\microsoft visual studio 14.0\vc\include\cmath(138): error C2039: 'fabsf': is not a member of '`global namespace''
     1>c:\program files (x86)\microsoft visual studio 14.0\vc\include\cmath(143): error C2039: 'fdimf': is not a member of '`global namespace''
     1>c:\program files (x86)\microsoft visual studio 14.0\vc\include\cmath(148): error C2039: 'floorf': is not a member of '`global namespace''
     1>c:\program files (x86)\microsoft visual studio 14.0\vc\include\cmath(154): error C2039: 'fmaf': is not a member of '`global namespace''
     1>c:\program files (x86)\microsoft visual studio 14.0\vc\include\cmath(159): error C2039: 'fmaxf': is not a member of '`global namespace''
     1>c:\program files (x86)\microsoft visual studio 14.0\vc\include\cmath(164): error C2039: 'fminf': is not a member of '`global namespace''
     1>c:\program files (x86)\microsoft visual studio 14.0\vc\include\cmath(169): error C2039: 'fmodf': is not a member of '`global namespace''
     1>c:\program files (x86)\microsoft visual studio 14.0\vc\include\cmath(174): error C2039: 'frexpf': is not a member of '`global namespace''
     1>c:\program files (x86)\microsoft visual studio 14.0\vc\include\cmath(179): error C2039: 'hypotf': is not a member of '`global namespace''
     1>c:\program files (x86)\microsoft visual studio 14.0\vc\include\cmath(184): error C2039: 'ilogbf': is not a member of '`global namespace''
     1>c:\program files (x86)\microsoft visual studio 14.0\vc\include\cmath(189): error C2039: 'ldexpf': is not a member of '`global namespace''
     1>c:\program files (x86)\microsoft visual studio 14.0\vc\include\cmath(194): error C2039: 'lgammaf': is not a member of '`global namespace''
     1>c:\program files (x86)\microsoft visual studio 14.0\vc\include\cmath(199): error C2039: 'llrintf': is not a member of '`global namespace''
     1>c:\program files (x86)\microsoft visual studio 14.0\vc\include\cmath(204): error C2039: 'llroundf': is not a member of '`global namespace''
     1>c:\program files (x86)\microsoft visual studio 14.0\vc\include\cmath(209): error C2039: 'logf': is not a member of '`global namespace''
     1>c:\program files (x86)\microsoft visual studio 14.0\vc\include\cmath(214): error C2039: 'log10f': is not a member of '`global namespace''
     1>c:\program files (x86)\microsoft visual studio 14.0\vc\include\cmath(219): error C2039: 'log1pf': is not a member of '`global namespace''
     1>c:\program files (x86)\microsoft visual studio 14.0\vc\include\cmath(224): error C2039: 'log2f': is not a member of '`global namespace''
     1>c:\program files (x86)\microsoft visual studio 14.0\vc\include\cmath(229): error C2039: 'logbf': is not a member of '`global namespace''
     1>c:\program files (x86)\microsoft visual studio 14.0\vc\include\cmath(234): error C2039: 'lrintf': is not a member of '`global namespace''
     1>c:\program files (x86)\microsoft visual studio 14.0\vc\include\cmath(239): error C2039: 'lroundf': is not a member of '`global namespace''
     1>c:\program files (x86)\microsoft visual studio 14.0\vc\include\cmath(244): error C2039: 'modff': is not a member of '`global namespace''
     1>c:\program files (x86)\microsoft visual studio 14.0\vc\include\cmath(249): error C2039: 'nearbyintf': is not a member of '`global namespace''
     1>c:\program files (x86)\microsoft visual studio 14.0\vc\include\cmath(254): error C2039: 'nextafterf': is not a member of '`global namespace''
     1>c:\program files (x86)\microsoft visual studio 14.0\vc\include\cmath(260): error C2039: 'nexttowardf': is not a member of '`global namespace''
     1>c:\program files (x86)\microsoft visual studio 14.0\vc\include\cmath(266): error C2039: 'powf': is not a member of '`global namespace''
     1>c:\program files (x86)\microsoft visual studio 14.0\vc\include\cmath(276): error C2039: 'remainderf': is not a member of '`global namespace''
     1>c:\program files (x86)\microsoft visual studio 14.0\vc\include\cmath(282): error C2039: 'remquof': is not a member of '`global namespace''
     1>c:\program files (x86)\microsoft visual studio 14.0\vc\include\cmath(287): error C2039: 'rintf': is not a member of '`global namespace''
     1>c:\program files (x86)\microsoft visual studio 14.0\vc\include\cmath(292): error C2039: 'roundf': is not a member of '`global namespace''
     1>c:\program files (x86)\microsoft visual studio 14.0\vc\include\cmath(297): error C2039: 'scalblnf': is not a member of '`global namespace''
     1>c:\program files (x86)\microsoft visual studio 14.0\vc\include\cmath(302): error C2039: 'scalbnf': is not a member of '`global namespace''
     1>c:\program files (x86)\microsoft visual studio 14.0\vc\include\cmath(307): error C2039: 'sinf': is not a member of '`global namespace''
     1>c:\program files (x86)\microsoft visual studio 14.0\vc\include\cmath(312): error C2039: 'sinhf': is not a member of '`global namespace''
     1>c:\program files (x86)\microsoft visual studio 14.0\vc\include\cmath(317): error C2039: 'sqrtf': is not a member of '`global namespace''
     1>c:\program files (x86)\microsoft visual studio 14.0\vc\include\cmath(322): error C2039: 'tanf': is not a member of '`global namespace''
     1>c:\program files (x86)\microsoft visual studio 14.0\vc\include\cmath(327): error C2039: 'tanhf': is not a member of '`global namespace''
     1>c:\program files (x86)\microsoft visual studio 14.0\vc\include\cmath(332): error C2039: 'tgammaf': is not a member of '`global namespace''
     1>c:\program files (x86)\microsoft visual studio 14.0\vc\include\cmath(337): error C2039: 'truncf': is not a member of '`global namespace''
     1>c:\program files (x86)\microsoft visual studio 14.0\vc\include\cmath(342): error C2039: 'fabsl': is not a member of '`global namespace''
     1>c:\program files (x86)\microsoft visual studio 14.0\vc\include\cmath(347): error C2039: 'acosl': is not a member of '`global namespace''
     1>c:\program files (x86)\microsoft visual studio 14.0\vc\include\cmath(352): error C2039: 'acoshl': is not a member of '`global namespace''
     1>c:\program files (x86)\microsoft visual studio 14.0\vc\include\cmath(357): error C2039: 'asinl': is not a member of '`global namespace''
     1>c:\program files (x86)\microsoft visual studio 14.0\vc\include\cmath(362): error C2039: 'asinhl': is not a member of '`global namespace''
     1>c:\program files (x86)\microsoft visual studio 14.0\vc\include\cmath(367): error C2039: 'atanl': is not a member of '`global namespace''
     1>c:\program files (x86)\microsoft visual studio 14.0\vc\include\cmath(372): error C2039: 'atanhl': is not a member of '`global namespace''
     1>c:\program files (x86)\microsoft visual studio 14.0\vc\include\cmath(378): error C2039: 'atan2l': is not a member of '`global namespace''
     1>c:\program files (x86)\microsoft visual studio 14.0\vc\include\cmath(383): error C2039: 'cbrtl': is not a member of '`global namespace''
     1>c:\program files (x86)\microsoft visual studio 14.0\vc\include\cmath(388): error C2039: 'ceill': is not a member of '`global namespace''
     1>c:\program files (x86)\microsoft visual studio 14.0\vc\include\cmath(394): error C2039: 'copysignl': is not a member of '`global namespace''
     1>c:\program files (x86)\microsoft visual studio 14.0\vc\include\cmath(399): error C2039: 'cosl': is not a member of '`global namespace''
     1>c:\program files (x86)\microsoft visual studio 14.0\vc\include\cmath(404): error C2039: 'coshl': is not a member of '`global namespace''
     1>c:\program files (x86)\microsoft visual studio 14.0\vc\include\cmath(409): error C2039: 'erfl': is not a member of '`global namespace''
     1>c:\program files (x86)\microsoft visual studio 14.0\vc\include\cmath(414): error C2039: 'erfcl': is not a member of '`global namespace''
     1>c:\program files (x86)\microsoft visual studio 14.0\vc\include\cmath(419): error C2039: 'expl': is not a member of '`global namespace''
     1>c:\program files (x86)\microsoft visual studio 14.0\vc\include\cmath(424): error C2039: 'exp2l': is not a member of '`global namespace''
     1>c:\program files (x86)\microsoft visual studio 14.0\vc\include\cmath(429): error C2039: 'expm1l': is not a member of '`global namespace''
     1>c:\program files (x86)\microsoft visual studio 14.0\vc\include\cmath(434): error C2039: 'fabsl': is not a member of '`global namespace''
     1>c:\program files (x86)\microsoft visual studio 14.0\vc\include\cmath(440): error C2039: 'fdiml': is not a member of '`global namespace''
     1>c:\program files (x86)\microsoft visual studio 14.0\vc\include\cmath(445): error C2039: 'floorl': is not a member of '`global namespace''
     1>c:\program files (x86)\microsoft visual studio 14.0\vc\include\cmath(451): error C2039: 'fmal': is not a member of '`global namespace''
     1>c:\program files (x86)\microsoft visual studio 14.0\vc\include\cmath(457): error C2039: 'fmaxl': is not a member of '`global namespace''
     1>c:\program files (x86)\microsoft visual studio 14.0\vc\include\cmath(463): error C2039: 'fminl': is not a member of '`global namespace''
     1>c:\program files (x86)\microsoft visual studio 14.0\vc\include\cmath(469): error C2039: 'fmodl': is not a member of '`global namespace''
     1>c:\program files (x86)\microsoft visual studio 14.0\vc\include\cmath(475): error C2039: 'frexpl': is not a member of '`global namespace''
     1>c:\program files (x86)\microsoft visual studio 14.0\vc\include\cmath(481): error C2039: 'hypotl': is not a member of '`global namespace''
     1>c:\program files (x86)\microsoft visual studio 14.0\vc\include\cmath(486): error C2039: 'ilogbl': is not a member of '`global namespace''
     1>c:\program files (x86)\microsoft visual studio 14.0\vc\include\cmath(492): error C2039: 'ldexpl': is not a member of '`global namespace''
     1>c:\program files (x86)\microsoft visual studio 14.0\vc\include\cmath(497): error C2039: 'lgammal': is not a member of '`global namespace''
     1>c:\program files (x86)\microsoft visual studio 14.0\vc\include\cmath(502): error C2039: 'llrintl': is not a member of '`global namespace''
     1>c:\program files (x86)\microsoft visual studio 14.0\vc\include\cmath(507): error C2039: 'llroundl': is not a member of '`global namespace''
     1>c:\program files (x86)\microsoft visual studio 14.0\vc\include\cmath(512): error C2039: 'logl': is not a member of '`global namespace''
     1>c:\program files (x86)\microsoft visual studio 14.0\vc\include\cmath(517): error C2039: 'log10l': is not a member of '`global namespace''
     1>c:\program files (x86)\microsoft visual studio 14.0\vc\include\cmath(522): error C2039: 'log1pl': is not a member of '`global namespace''
     1>c:\program files (x86)\microsoft visual studio 14.0\vc\include\cmath(527): error C2039: 'log2l': is not a member of '`global namespace''
     1>c:\program files (x86)\microsoft visual studio 14.0\vc\include\cmath(532): error C2039: 'logbl': is not a member of '`global namespace''
     1>c:\program files (x86)\microsoft visual studio 14.0\vc\include\cmath(537): error C2039: 'lrintl': is not a member of '`global namespace''
     1>c:\program files (x86)\microsoft visual studio 14.0\vc\include\cmath(542): error C2039: 'lroundl': is not a member of '`global namespace''
     1>c:\program files (x86)\microsoft visual studio 14.0\vc\include\cmath(548): error C2039: 'modfl': is not a member of '`global namespace''
     1>c:\program files (x86)\microsoft visual studio 14.0\vc\include\cmath(553): error C2039: 'nearbyintl': is not a member of '`global namespace''
     1>c:\program files (x86)\microsoft visual studio 14.0\vc\include\cmath(559): error C2039: 'nextafterl': is not a member of '`global namespace''
     1>c:\program files (x86)\microsoft visual studio 14.0\vc\include\cmath(565): error C2039: 'nexttowardl': is not a member of '`global namespace''
     1>c:\program files (x86)\microsoft visual studio 14.0\vc\include\cmath(565): fatal error C1003: error count exceeds 100; stopping compilation
         FrameBuffer.cpp
     1>d:\development\c++\pxl2d\pxl2d\include\system\exception.h(14): error C2061: syntax error: identifier 'ErrorCode'
     1>d:\development\c++\pxl2d\pxl2d\include\system\exception.h(16): error C2061: syntax error: identifier 'ErrorCode'
     1>c:\program files (x86)\microsoft visual studio 14.0\vc\include\xmemory(18): error C2988: unrecognizable template declaration/definition
     1>c:\program files (x86)\microsoft visual studio 14.0\vc\include\xmemory(18): error C2143: syntax error: missing ';' before '<'
     1>c:\program files (x86)\microsoft visual studio 14.0\vc\include\xmemory(18): error C2433: 'pair': 'inline' not permitted on data declarations
     1>c:\program files (x86)\microsoft visual studio 14.0\vc\include\xmemory(18): error C4430: missing type specifier - int assumed. Note: C++ does not support default-int
     1>c:\program files (x86)\microsoft visual studio 14.0\vc\include\xmemory(18): error C2059: syntax error: '<'
     1>c:\program files (x86)\microsoft visual studio 14.0\vc\include\xmemory(40): error C2143: syntax error: missing ';' before '{'
     1>c:\program files (x86)\microsoft visual studio 14.0\vc\include\xmemory(40): error C2447: '{': missing function header (old-style formal list?)
     1>c:\program files (x86)\microsoft visual studio 14.0\vc\include\xmemory(49): error C2061: syntax error: identifier 'input_iterator_tag'
     1>c:\program files (x86)\microsoft visual studio 14.0\vc\include\xmemory(70): error C2061: syntax error: identifier 'forward_iterator_tag'
     1>c:\program files (x86)\microsoft visual studio 14.0\vc\include\xmemory(83): error C2995: '_FwdIt pxl::system::std::_Uninitialized_copy_n(_InIt,_Diff,_FwdIt)': function template has already been defined
         c:\program files (x86)\microsoft visual studio 14.0\vc\include\xmemory(48): note: see declaration of 'pxl::system::std::_Uninitialized_copy_n'
     1>c:\program files (x86)\microsoft visual studio 14.0\vc\include\xmemory(89): error C2061: syntax error: identifier '_Nonscalar_ptr_iterator_tag'
     1>c:\program files (x86)\microsoft visual studio 14.0\vc\include\xmemory(99): error C2061: syntax error: identifier '_Scalar_ptr_iterator_tag'
     1>c:\program files (x86)\microsoft visual studio 14.0\vc\include\xmemory(136): error C2061: syntax error: identifier '_Mutable_iterator_tag'
     1>c:\program files (x86)\microsoft visual studio 14.0\vc\include\xmemory(146): error C2061: syntax error: identifier 'random_access_iterator_tag'
     1>c:\program files (x86)\microsoft visual studio 14.0\vc\include\xmemory(152): error C2995: '_FwdIt pxl::system::std::_Uninitialized_copy_n2(_InIt,_Diff,_FwdIt)': function template has already been defined
         c:\program files (x86)\microsoft visual studio 14.0\vc\include\xmemory(135): note: see declaration of 'pxl::system::std::_Uninitialized_copy_n2'
     1>c:\program files (x86)\microsoft visual studio 14.0\vc\include\xmemory(158): error C2061: syntax error: identifier 'input_iterator_tag'
     1>c:\program files (x86)\microsoft visual studio 14.0\vc\include\xmemory(168): error C2061: syntax error: identifier 'random_access_iterator_tag'
     1>c:\program files (x86)\microsoft visual studio 14.0\vc\include\xmemory(174): error C2995: '_FwdIt pxl::system::std::_Uninitialized_copy_n1(_InIt,_Diff,_FwdIt)': function template has already been defined
         c:\program files (x86)\microsoft visual studio 14.0\vc\include\xmemory(157): note: see declaration of 'pxl::system::std::_Uninitialized_copy_n1'
     1>c:\program files (x86)\microsoft visual studio 14.0\vc\include\xmemory(180): error C2061: syntax error: identifier 'true_type'
     1>c:\program files (x86)\microsoft visual studio 14.0\vc\include\xmemory(191): error C2061: syntax error: identifier 'false_type'
     1>c:\program files (x86)\microsoft visual studio 14.0\vc\include\xmemory(257): error C2061: syntax error: identifier '_Nonscalar_ptr_iterator_tag'
     1>c:\program files (x86)\microsoft visual studio 14.0\vc\include\xmemory(275): error C2061: syntax error: identifier '_Scalar_ptr_iterator_tag'
     1>c:\program files (x86)\microsoft visual studio 14.0\vc\include\xmemory(281): error C2995: '_FwdIt pxl::system::std::_Uninitialized_copy0(_InIt,_InIt,_FwdIt)': function template has already been defined
         c:\program files (x86)\microsoft visual studio 14.0\vc\include\xmemory(256): note: see declaration of 'pxl::system::std::_Uninitialized_copy0'
     1>c:\program files (x86)\microsoft visual studio 14.0\vc\include\xmemory(307): error C2061: syntax error: identifier 'input_iterator_tag'
     1>c:\program files (x86)\microsoft visual studio 14.0\vc\include\xmemory(316): error C2061: syntax error: identifier 'random_access_iterator_tag'
     1>c:\program files (x86)\microsoft visual studio 14.0\vc\include\xmemory(327): error C2061: syntax error: identifier 'true_type'
     1>c:\program files (x86)\microsoft visual studio 14.0\vc\include\xmemory(337): error C2061: syntax error: identifier 'false_type'
     1>c:\program files (x86)\microsoft visual studio 14.0\vc\include\xmemory(372): error C2061: syntax error: identifier '_Wrap_alloc'
     1>c:\program files (x86)\microsoft visual studio 14.0\vc\include\xmemory(392): error C2061: syntax error: identifier '_Wrap_alloc'
     1>c:\program files (x86)\microsoft visual studio 14.0\vc\include\xmemory(396): error C2995: '_FwdIt pxl::system::std::_Uninit_copy(_InIt,_InIt,_FwdIt)': function template has already been defined
         c:\program files (x86)\microsoft visual studio 14.0\vc\include\xmemory(371): note: see declaration of 'pxl::system::std::_Uninit_copy'
     1>c:\program files (x86)\microsoft visual studio 14.0\vc\include\xmemory(401): error C2061: syntax error: identifier '_Wrap_alloc'
     1>c:\program files (x86)\microsoft visual studio 14.0\vc\include\xmemory(436): error C2061: syntax error: identifier '_Wrap_alloc'
     1>c:\program files (x86)\microsoft visual studio 14.0\vc\include\xmemory(457): error C2061: syntax error: identifier '_Wrap_alloc'
     1>c:\program files (x86)\microsoft visual studio 14.0\vc\include\xmemory(461): error C2995: '_FwdIt pxl::system::std::_Uninit_move(_InIt,_InIt,_FwdIt)': function template has already been defined
         c:\program files (x86)\microsoft visual studio 14.0\vc\include\xmemory(435): note: see declaration of 'pxl::system::std::_Uninit_move'
     1>c:\program files (x86)\microsoft visual studio 14.0\vc\include\xmemory(467): error C2061: syntax error: identifier '_Wrap_alloc'
     1>c:\program files (x86)\microsoft visual studio 14.0\vc\include\xmemory(500): error C2061: syntax error: identifier '_Nonscalar_ptr_iterator_tag'
     1>c:\program files (x86)\microsoft visual studio 14.0\vc\include\xmemory(518): error C2061: syntax error: identifier '_Scalar_ptr_iterator_tag'
     1>c:\program files (x86)\microsoft visual studio 14.0\vc\include\xmemory(535): error C2061: syntax error: identifier '_Nonscalar_ptr_iterator_tag'
     1>c:\program files (x86)\microsoft visual studio 14.0\vc\include\xmemory(560): error C2061: syntax error: identifier '_Scalar_ptr_iterator_tag'
     1>c:\program files (x86)\microsoft visual studio 14.0\vc\include\xmemory(581): error C2061: syntax error: identifier '_Wrap_alloc'
     1>c:\program files (x86)\microsoft visual studio 14.0\vc\include\xmemory(607): error C2061: syntax error: identifier '_Wrap_alloc'
     1>c:\program files (x86)\microsoft visual studio 14.0\vc\include\xmemory(612): error C2995: 'void pxl::system::std::_Uninit_fill_n(_FwdIt,_Diff,const _Tval *)': function template has already been defined
         c:\program files (x86)\microsoft visual studio 14.0\vc\include\xmemory(580): note: see declaration of 'pxl::system::std::_Uninit_fill_n'
     1>c:\program files (x86)\microsoft visual studio 14.0\vc\include\xmemory(619): error C2061: syntax error: identifier '_Wrap_alloc'
     1>c:\program files (x86)\microsoft visual studio 14.0\vc\include\xmemory(642): error C2061: syntax error: identifier '_Wrap_alloc'
     1>c:\program files (x86)\microsoft visual studio 14.0\vc\include\xmemory(668): error C2061: syntax error: identifier '_Wrap_alloc'
     1>c:\program files (x86)\microsoft visual studio 14.0\vc\include\xmemory(672): error C2995: 'void pxl::system::std::_Uninit_def_fill_n(_FwdIt,_Diff)': function template has already been defined
         c:\program files (x86)\microsoft visual studio 14.0\vc\include\xmemory(641): note: see declaration of 'pxl::system::std::_Uninit_def_fill_n'
     1>c:\program files (x86)\microsoft visual studio 14.0\vc\include\xmemory(678): error C2061: syntax error: identifier '_Wrap_alloc'
     1>c:\program files (x86)\microsoft visual studio 14.0\vc\include\vector(23): error C2143: syntax error: missing ',' before '<'
         c:\program files (x86)\microsoft visual studio 14.0\vc\include\vector(260): note: see reference to class template instantiation 'pxl::system::std::_Vector_const_iterator<_Myvec>' being compiled
     1>c:\program files (x86)\microsoft visual studio 14.0\vc\include\vector(24): error C2518: keyword 'typename' illegal in base class list; ignored
     1>c:\program files (x86)\microsoft visual studio 14.0\vc\include\vector(25): error C2518: keyword 'typename' illegal in base class list; ignored
     1>c:\program files (x86)\microsoft visual studio 14.0\vc\include\vector(26): error C2518: keyword 'typename' illegal in base class list; ignored
     1>c:\program files (x86)\microsoft visual studio 14.0\vc\include\vector(27): error C2518: keyword 'typename' illegal in base class list; ignored
     1>c:\program files (x86)\microsoft visual studio 14.0\vc\include\vector(32): error C3646: 'iterator_category': unknown override specifier
     1>c:\program files (x86)\microsoft visual studio 14.0\vc\include\vector(32): error C4430: missing type specifier - int assumed. Note: C++ does not support default-int
     1>c:\program files (x86)\microsoft visual studio 14.0\vc\include\vector(45): error C4430: missing type specifier - int assumed. Note: C++ does not support default-int
     1>c:\program files (x86)\microsoft visual studio 14.0\vc\include\vector(45): error C2143: syntax error: missing ',' before '*'
     1>c:\program files (x86)\microsoft visual studio 14.0\vc\include\vector(305): error C4430: missing type specifier - int assumed. Note: C++ does not support default-int
         c:\program files (x86)\microsoft visual studio 14.0\vc\include\vector(391): note: see reference to class template instantiation 'pxl::system::std::_Vector_iterator<_Myvec>' being compiled
     1>c:\program files (x86)\microsoft visual studio 14.0\vc\include\vector(305): error C2143: syntax error: missing ',' before '*'
     1>c:\program files (x86)\microsoft visual studio 14.0\vc\include\vector(443): error C2143: syntax error: missing ';' before '<'
         c:\program files (x86)\microsoft visual studio 14.0\vc\include\vector(457): note: see reference to class template instantiation 'pxl::system::std::_Vec_base_types<_Ty,_Alloc0>' being compiled
     1>c:\program files (x86)\microsoft visual studio 14.0\vc\include\vector(443): error C4430: missing type specifier - int assumed. Note: C++ does not support default-int
     1>c:\program files (x86)\microsoft visual studio 14.0\vc\include\vector(443): error C2238: unexpected token(s) preceding ';'
     1>c:\program files (x86)\microsoft visual studio 14.0\vc\include\vector(444): error C2653: '_Alty0': is not a class or namespace name
     1>c:\program files (x86)\microsoft visual studio 14.0\vc\include\vector(444): error C2143: syntax error: missing ';' before '<'
     1>c:\program files (x86)\microsoft visual studio 14.0\vc\include\vector(444): error C4430: missing type specifier - int assumed. Note: C++ does not support default-int
     1>c:\program files (x86)\microsoft visual studio 14.0\vc\include\vector(444): error C2238: unexpected token(s) preceding ';'
     1>c:\program files (x86)\microsoft visual studio 14.0\vc\include\vector(447): error C2143: syntax error: missing ';' before '<'
     1>c:\program files (x86)\microsoft visual studio 14.0\vc\include\vector(447): error C4430: missing type specifier - int assumed. Note: C++ does not support default-int
     1>c:\program files (x86)\microsoft visual studio 14.0\vc\include\vector(448): error C2653: '_Alty': is not a class or namespace name
     1>c:\program files (x86)\microsoft visual studio 14.0\vc\include\vector(449): error C2653: '_Alty': is not a class or namespace name
     1>c:\program files (x86)\microsoft visual studio 14.0\vc\include\vector(449): error C2146: syntax error: missing '>' before identifier 'value_type'
     1>c:\program files (x86)\microsoft visual studio 14.0\vc\include\vector(450): error C2653: '_Alty': is not a class or namespace name
     1>c:\program files (x86)\microsoft visual studio 14.0\vc\include\vector(451): error C2653: '_Alty': is not a class or namespace name
     1>c:\program files (x86)\microsoft visual studio 14.0\vc\include\vector(452): error C2653: '_Alty': is not a class or namespace name
     1>c:\program files (x86)\microsoft visual studio 14.0\vc\include\vector(453): error C2653: '_Alty': is not a class or namespace name
     1>c:\program files (x86)\microsoft visual studio 14.0\vc\include\vector(454): error C2653: '_Alty': is not a class or namespace name
     1>c:\program files (x86)\microsoft visual studio 14.0\vc\include\vector(455): error C2653: '_Alty': is not a class or namespace name
     1>c:\program files (x86)\microsoft visual studio 14.0\vc\include\vector(456): error C2238: unexpected token(s) preceding ';'
     1>c:\program files (x86)\microsoft visual studio 14.0\vc\include\vector(594): error C2143: syntax error: missing ';' before '*'
         c:\program files (x86)\microsoft visual studio 14.0\vc\include\vector(672): note: see reference to class template instantiation 'pxl::system::std::_Vector_alloc<_Alloc_types>' being compiled
     1>c:\program files (x86)\microsoft visual studio 14.0\vc\include\vector(594): error C4430: missing type specifier - int assumed. Note: C++ does not support default-int
     1>c:\program files (x86)\microsoft visual studio 14.0\vc\include\vector(595): error C2334: unexpected token(s) preceding '{'; skipping apparent function body
     1>c:\program files (x86)\microsoft visual studio 14.0\vc\include\vector(599): error C2143: syntax error: missing ';' before '*'
     1>c:\program files (x86)\microsoft visual studio 14.0\vc\include\vector(599): error C4430: missing type specifier - int assumed. Note: C++ does not support default-int
     1>c:\program files (x86)\microsoft visual studio 14.0\vc\include\vector(600): error C2334: unexpected token(s) preceding '{'; skipping apparent function body
     1>c:\program files (x86)\microsoft visual studio 14.0\vc\include\vector(604): error C2143: syntax error: missing ';' before '*'
     1>c:\program files (x86)\microsoft visual studio 14.0\vc\include\vector(604): error C4430: missing type specifier - int assumed. Note: C++ does not support default-int
     1>c:\program files (x86)\microsoft visual studio 14.0\vc\include\vector(605): error C2334: unexpected token(s) preceding '{'; skipping apparent function body
     1>c:\program files (x86)\microsoft visual studio 14.0\vc\include\vector(671): error C2143: syntax error: missing ';' before '<'
     1>c:\program files (x86)\microsoft visual studio 14.0\vc\include\vector(671): error C4430: missing type specifier - int assumed. Note: C++ does not support default-int
     1>c:\program files (x86)\microsoft visual studio 14.0\vc\include\vector(671): error C2238: unexpected token(s) preceding ';'
     1>c:\program files (x86)\microsoft visual studio 14.0\vc\include\vector(797): error C2061: syntax error: identifier 'input_iterator_tag'
         c:\program files (x86)\microsoft visual studio 14.0\vc\include\vector(1815): note: see reference to class template instantiation 'pxl::system::std::vector<_Ty,_Alloc>' being compiled
     1>c:\program files (x86)\microsoft visual studio 14.0\vc\include\vector(808): error C2535: 'void pxl::system::std::vector<_Ty,_Alloc>::_Construct(_Iter,_Iter)': member function already defined or declared
         c:\program files (x86)\microsoft visual studio 14.0\vc\include\vector(790): note: see declaration of 'pxl::system::std::vector<_Ty,_Alloc>::_Construct'
     1>c:\program files (x86)\microsoft visual studio 14.0\vc\include\vector(812): error C2061: syntax error: identifier 'forward_iterator_tag'
     1>c:\program files (x86)\microsoft visual studio 14.0\vc\include\vector(823): error C2535: 'void pxl::system::std::vector<_Ty,_Alloc>::_Construct(_Iter,_Iter)': member function already defined or declared
         c:\program files (x86)\microsoft visual studio 14.0\vc\include\vector(790): note: see declaration of 'pxl::system::std::vector<_Ty,_Alloc>::_Construct'
     1>c:\program files (x86)\microsoft visual studio 14.0\vc\include\vector(866): error C2061: syntax error: identifier 'true_type'
     1>c:\program files (x86)\microsoft visual studio 14.0\vc\include\vector(878): error C2061: syntax error: identifier 'false_type'
     1>c:\program files (x86)\microsoft visual studio 14.0\vc\include\vector(879): error C2535: 'void pxl::system::std::vector<_Ty,_Alloc>::_Assign_rv(pxl::system::std::vector<_Ty,_Alloc_types::_Alloc> &&)': member function already defined or declared
         c:\program files (x86)\microsoft visual studio 14.0\vc\include\vector(866): note: see declaration of 'pxl::system::std::vector<_Ty,_Alloc>::_Assign_rv'
     1>c:\program files (x86)\microsoft visual studio 14.0\vc\include\vector(888): error C2535: 'void pxl::system::std::vector<_Ty,_Alloc>::_Assign_rv(pxl::system::std::vector<_Ty,_Alloc_types::_Alloc> &&)': member function already defined or declared
         c:\program files (x86)\microsoft visual studio 14.0\vc\include\vector(866): note: see declaration of 'pxl::system::std::vector<_Ty,_Alloc>::_Assign_rv'
     1>c:\program files (x86)\microsoft visual studio 14.0\vc\include\vector(1318): error C2988: unrecognizable template declaration/definition
     1>c:\program files (x86)\microsoft visual studio 14.0\vc\include\vector(1318): error C2143: syntax error: missing ';' before '<'
     1>c:\program files (x86)\microsoft visual studio 14.0\vc\include\vector(1318): error C4430: missing type specifier - int assumed. Note: C++ does not support default-int
     1>c:\program files (x86)\microsoft visual studio 14.0\vc\include\vector(1318): error C2238: unexpected token(s) preceding ';'
     1>c:\program files (x86)\microsoft visual studio 14.0\vc\include\vector(1318): error C2059: syntax error: '<'
     1>c:\program files (x86)\microsoft visual studio 14.0\vc\include\vector(1329): error C2334: unexpected token(s) preceding '{'; skipping apparent function body
     1>c:\program files (x86)\microsoft visual studio 14.0\vc\include\vector(1336): error C2061: syntax error: identifier 'forward_iterator_tag'
     1>c:\program files (x86)\microsoft visual studio 14.0\vc\include\vector(1368): error C2988: unrecognizable template declaration/definition
     1>c:\program files (x86)\microsoft visual studio 14.0\vc\include\vector(1368): error C2143: syntax error: missing ';' before '<'
     1>c:\program files (x86)\microsoft visual studio 14.0\vc\include\vector(1368): error C4430: missing type specifier - int assumed. Note: C++ does not support default-int
     1>c:\program files (x86)\microsoft visual studio 14.0\vc\include\vector(1368): error C2238: unexpected token(s) preceding ';'
     1>c:\program files (x86)\microsoft visual studio 14.0\vc\include\vector(1368): error C2059: syntax error: '<'
     1>c:\program files (x86)\microsoft visual studio 14.0\vc\include\vector(1381): error C2334: unexpected token(s) preceding '{'; skipping apparent function body
     1>c:\program files (x86)\microsoft visual studio 14.0\vc\include\vector(1409): error C2061: syntax error: identifier 'forward_iterator_tag'
     1>c:\program files (x86)\microsoft visual studio 14.0\vc\include\vector(1886): error C2143: syntax error: missing ',' before '<'
         c:\program files (x86)\microsoft visual studio 14.0\vc\include\vector(1934): note: see reference to class template instantiation 'pxl::system::std::_Vb_iter_base<_Alloc>' being compiled
     1>c:\program files (x86)\microsoft visual studio 14.0\vc\include\vector(1886): fatal error C1003: error count exceeds 100; stopping compilation
         FontUtils.cpp
     1>d:\development\c++\pxl2d\pxl2d\include\system\exception.h(14): error C2061: syntax error: identifier 'ErrorCode'
     1>d:\development\c++\pxl2d\pxl2d\include\system\exception.h(16): error C2061: syntax error: identifier 'ErrorCode'
     1>d:\development\c++\pxl2d\pxl2d\include\system\windowimpl.h(21): error C3646: 'hwnd': unknown override specifier
     1>d:\development\c++\pxl2d\pxl2d\include\system\windowimpl.h(21): error C4430: missing type specifier - int assumed. Note: C++ does not support default-int
     1>d:\development\c++\pxl2d\pxl2d\include\system\win32\win32window.h(21): error C2504: 'WindowImpl': base class undefined
     1>d:\development\c++\pxl2d\pxl2d\include\system\win32\win32window.h(32): error C2079: 'pxl::system::pxl::system::Win32Window::device_context_handle' uses undefined class 'pxl::system::HDC'
     1>d:\development\c++\pxl2d\pxl2d\include\system\win32\win32window.h(33): error C2079: 'pxl::system::pxl::system::Win32Window::gl_render_context_handle' uses undefined class 'pxl::system::HGLRC'
     1>d:\development\c++\pxl2d\pxl2d\include\system\win32\win32window.h(34): error C2079: 'pxl::system::pxl::system::Win32Window::instance_handle' uses undefined class 'pxl::system::HINSTANCE'
     1>d:\development\c++\pxl2d\pxl2d\include\system\win32\win32window.h(35): error C2079: 'pxl::system::pxl::system::Win32Window::win_class' uses undefined class 'pxl::system::WNDCLASS'
     1>d:\development\c++\pxl2d\pxl2d\include\system\win32\win32window.h(36): error C3646: 'win_handle': unknown override specifier
     1>d:\development\c++\pxl2d\pxl2d\include\system\win32\win32window.h(36): error C4430: missing type specifier - int assumed. Note: C++ does not support default-int
     1>d:\development\c++\pxl2d\pxl2d\include\system\win32\win32window.h(57): error C3646: 'msg': unknown override specifier
     1>d:\development\c++\pxl2d\pxl2d\include\system\win32\win32window.h(57): error C4430: missing type specifier - int assumed. Note: C++ does not support default-int
     1>d:\development\c++\pxl2d\pxl2d\include\system\window.h(11): error C4430: missing type specifier - int assumed. Note: C++ does not support default-int
     1>d:\development\c++\pxl2d\pxl2d\include\system\window.h(11): error C2146: syntax error: missing ';' before identifier 'WinImplClass'
     1>d:\development\c++\pxl2d\pxl2d\include\system\window.h(23): error C2516: 'pxl::system::WinImplClass': is not a legal base class
         d:\development\c++\pxl2d\pxl2d\include\system\window.h(11): note: see declaration of 'pxl::system::WinImplClass'
     1>d:\development\c++\pxl2d\pxl2d\include\system\window.h(34): error C3861: 'create_window': identifier not found
     1>d:\development\c++\pxl2d\pxl2d\include\system\window.h(40): error C2660: 'free': function does not take 0 arguments
         Font.cpp
     1>d:\development\c++\pxl2d\pxl2d\include\system\exception.h(14): error C2061: syntax error: identifier 'ErrorCode'
     1>d:\development\c++\pxl2d\pxl2d\include\system\exception.h(16): error C2061: syntax error: identifier 'ErrorCode'
     1>d:\development\c++\pxl2d\pxl2d\include\system\windowimpl.h(21): error C3646: 'hwnd': unknown override specifier
     1>d:\development\c++\pxl2d\pxl2d\include\system\windowimpl.h(21): error C4430: missing type specifier - int assumed. Note: C++ does not support default-int
     1>d:\development\c++\pxl2d\pxl2d\include\system\win32\win32window.h(21): error C2504: 'WindowImpl': base class undefined
     1>d:\development\c++\pxl2d\pxl2d\include\system\win32\win32window.h(32): error C2079: 'pxl::system::pxl::system::Win32Window::device_context_handle' uses undefined class 'pxl::system::HDC'
     1>d:\development\c++\pxl2d\pxl2d\include\system\win32\win32window.h(33): error C2079: 'pxl::system::pxl::system::Win32Window::gl_render_context_handle' uses undefined class 'pxl::system::HGLRC'
     1>d:\development\c++\pxl2d\pxl2d\include\system\win32\win32window.h(34): error C2079: 'pxl::system::pxl::system::Win32Window::instance_handle' uses undefined class 'pxl::system::HINSTANCE'
     1>d:\development\c++\pxl2d\pxl2d\include\system\win32\win32window.h(35): error C2079: 'pxl::system::pxl::system::Win32Window::win_class' uses undefined class 'pxl::system::WNDCLASS'
     1>d:\development\c++\pxl2d\pxl2d\include\system\win32\win32window.h(36): error C3646: 'win_handle': unknown override specifier
     1>d:\development\c++\pxl2d\pxl2d\include\system\win32\win32window.h(36): error C4430: missing type specifier - int assumed. Note: C++ does not support default-int
     1>d:\development\c++\pxl2d\pxl2d\include\system\win32\win32window.h(57): error C3646: 'msg': unknown override specifier
     1>d:\development\c++\pxl2d\pxl2d\include\system\win32\win32window.h(57): error C4430: missing type specifier - int assumed. Note: C++ does not support default-int
     1>d:\development\c++\pxl2d\pxl2d\include\system\window.h(11): error C4430: missing type specifier - int assumed. Note: C++ does not support default-int
     1>d:\development\c++\pxl2d\pxl2d\include\system\window.h(11): error C2146: syntax error: missing ';' before identifier 'WinImplClass'
     1>d:\development\c++\pxl2d\pxl2d\include\system\window.h(23): error C2516: 'pxl::system::WinImplClass': is not a legal base class
         d:\development\c++\pxl2d\pxl2d\include\system\window.h(11): note: see declaration of 'pxl::system::WinImplClass'
     1>d:\development\c++\pxl2d\pxl2d\include\system\window.h(34): error C3861: 'create_window': identifier not found
     1>d:\development\c++\pxl2d\pxl2d\include\system\window.h(40): error C2660: 'free': function does not take 0 arguments
     1>d:\development\c++\pxl2d\pxl2d\src\graphics\font.cpp(37): warning C4244: 'argument': conversion from 'pxl::uint32' to 'float', possible loss of data
     1>d:\development\c++\pxl2d\pxl2d\src\graphics\font.cpp(37): warning C4244: '=': conversion from 'float' to 'pxl::uint32', possible loss of data
     1>d:\development\c++\pxl2d\pxl2d\src\graphics\font.cpp(38): warning C4244: 'argument': conversion from 'pxl::uint32' to 'float', possible loss of data
     1>d:\development\c++\pxl2d\pxl2d\src\graphics\font.cpp(38): warning C4244: '=': conversion from 'float' to 'pxl::uint32', possible loss of data
     1>d:\development\c++\pxl2d\pxl2d\src\graphics\font.cpp(40): warning C4244: '=': conversion from 'pxl::uint32' to 'float', possible loss of data
     1>d:\development\c++\pxl2d\pxl2d\src\graphics\font.cpp(41): warning C4244: '=': conversion from 'pxl::uint32' to 'float', possible loss of data
     1>d:\development\c++\pxl2d\pxl2d\src\graphics\font.cpp(50): warning C4244: '=': conversion from 'int' to 'float', possible loss of data
         Batch.cpp
     1>d:\development\c++\pxl2d\pxl2d\include\system\exception.h(14): error C2061: syntax error: identifier 'ErrorCode'
     1>d:\development\c++\pxl2d\pxl2d\include\system\exception.h(16): error C2061: syntax error: identifier 'ErrorCode'
     1>d:\development\c++\pxl2d\pxl2d\include\system\windowimpl.h(21): error C3646: 'hwnd': unknown override specifier
     1>d:\development\c++\pxl2d\pxl2d\include\system\windowimpl.h(21): error C4430: missing type specifier - int assumed. Note: C++ does not support default-int
     1>d:\development\c++\pxl2d\pxl2d\include\system\win32\win32window.h(21): error C2504: 'WindowImpl': base class undefined
     1>d:\development\c++\pxl2d\pxl2d\include\system\win32\win32window.h(32): error C2079: 'pxl::system::pxl::system::Win32Window::device_context_handle' uses undefined class 'pxl::system::HDC'
     1>d:\development\c++\pxl2d\pxl2d\include\system\win32\win32window.h(33): error C2079: 'pxl::system::pxl::system::Win32Window::gl_render_context_handle' uses undefined class 'pxl::system::HGLRC'
     1>d:\development\c++\pxl2d\pxl2d\include\system\win32\win32window.h(34): error C2079: 'pxl::system::pxl::system::Win32Window::instance_handle' uses undefined class 'pxl::system::HINSTANCE'
     1>d:\development\c++\pxl2d\pxl2d\include\system\win32\win32window.h(35): error C2079: 'pxl::system::pxl::system::Win32Window::win_class' uses undefined class 'pxl::system::WNDCLASS'
     1>d:\development\c++\pxl2d\pxl2d\include\system\win32\win32window.h(36): error C3646: 'win_handle': unknown override specifier
     1>d:\development\c++\pxl2d\pxl2d\include\system\win32\win32window.h(36): error C4430: missing type specifier - int assumed. Note: C++ does not support default-int
     1>d:\development\c++\pxl2d\pxl2d\include\system\win32\win32window.h(57): error C3646: 'msg': unknown override specifier
     1>d:\development\c++\pxl2d\pxl2d\include\system\win32\win32window.h(57): error C4430: missing type specifier - int assumed. Note: C++ does not support default-int
     1>d:\development\c++\pxl2d\pxl2d\include\system\window.h(11): error C4430: missing type specifier - int assumed. Note: C++ does not support default-int
     1>d:\development\c++\pxl2d\pxl2d\include\system\window.h(11): error C2146: syntax error: missing ';' before identifier 'WinImplClass'
     1>d:\development\c++\pxl2d\pxl2d\include\system\window.h(23): error C2516: 'pxl::system::WinImplClass': is not a legal base class
         d:\development\c++\pxl2d\pxl2d\include\system\window.h(11): note: see declaration of 'pxl::system::WinImplClass'
     1>d:\development\c++\pxl2d\pxl2d\include\system\window.h(34): error C3861: 'create_window': identifier not found
     1>d:\development\c++\pxl2d\pxl2d\include\system\window.h(40): error C2660: 'free': function does not take 0 arguments
     1>d:\development\c++\pxl2d\pxl2d\src\graphics\batch.cpp(33): error C2039: 'get_width': is not a member of 'pxl::system::Window'
         d:\development\c++\pxl2d\pxl2d\include\system\window.h(23): note: see declaration of 'pxl::system::Window'
     1>d:\development\c++\pxl2d\pxl2d\src\graphics\batch.cpp(33): error C2039: 'get_height': is not a member of 'pxl::system::Window'
         d:\development\c++\pxl2d\pxl2d\include\system\window.h(23): note: see declaration of 'pxl::system::Window'
     1>d:\development\c++\pxl2d\pxl2d\src\graphics\batch.cpp(165): warning C4244: 'initializing': conversion from 'double' to 'float', possible loss of data
     1>d:\development\c++\pxl2d\pxl2d\src\graphics\batch.cpp(204): warning C4244: '=': conversion from 'float' to 'pxl::uint16', possible loss of data
     1>d:\development\c++\pxl2d\pxl2d\src\graphics\batch.cpp(205): warning C4244: '=': conversion from 'float' to 'pxl::uint16', possible loss of data
     1>d:\development\c++\pxl2d\pxl2d\src\graphics\batch.cpp(219): warning C4244: 'initializing': conversion from 'float' to 'int', possible loss of data
         System.cpp
     1>c:\program files (x86)\microsoft visual studio 14.0\vc\include\xmemory(18): error C2988: unrecognizable template declaration/definition
     1>c:\program files (x86)\microsoft visual studio 14.0\vc\include\xmemory(18): error C2143: syntax error: missing ';' before '<'
     1>c:\program files (x86)\microsoft visual studio 14.0\vc\include\xmemory(18): error C2433: 'pair': 'inline' not permitted on data declarations
     1>c:\program files (x86)\microsoft visual studio 14.0\vc\include\xmemory(18): error C4430: missing type specifier - int assumed. Note: C++ does not support default-int
     1>c:\program files (x86)\microsoft visual studio 14.0\vc\include\xmemory(18): error C2059: syntax error: '<'
     1>c:\program files (x86)\microsoft visual studio 14.0\vc\include\xmemory(40): error C2143: syntax error: missing ';' before '{'
     1>c:\program files (x86)\microsoft visual studio 14.0\vc\include\xmemory(40): error C2447: '{': missing function header (old-style formal list?)
     1>c:\program files (x86)\microsoft visual studio 14.0\vc\include\xmemory(49): error C2061: syntax error: identifier 'input_iterator_tag'
     1>c:\program files (x86)\microsoft visual studio 14.0\vc\include\xmemory(70): error C2061: syntax error: identifier 'forward_iterator_tag'
     1>c:\program files (x86)\microsoft visual studio 14.0\vc\include\xmemory(83): error C2995: '_FwdIt pxl::system::std::_Uninitialized_copy_n(_InIt,_Diff,_FwdIt)': function template has already been defined
         c:\program files (x86)\microsoft visual studio 14.0\vc\include\xmemory(48): note: see declaration of 'pxl::system::std::_Uninitialized_copy_n'
     1>c:\program files (x86)\microsoft visual studio 14.0\vc\include\xmemory(89): error C2061: syntax error: identifier '_Nonscalar_ptr_iterator_tag'
     1>c:\program files (x86)\microsoft visual studio 14.0\vc\include\xmemory(99): error C2061: syntax error: identifier '_Scalar_ptr_iterator_tag'
     1>c:\program files (x86)\microsoft visual studio 14.0\vc\include\xmemory(136): error C2061: syntax error: identifier '_Mutable_iterator_tag'
     1>c:\program files (x86)\microsoft visual studio 14.0\vc\include\xmemory(146): error C2061: syntax error: identifier 'random_access_iterator_tag'
     1>c:\program files (x86)\microsoft visual studio 14.0\vc\include\xmemory(152): error C2995: '_FwdIt pxl::system::std::_Uninitialized_copy_n2(_InIt,_Diff,_FwdIt)': function template has already been defined
         c:\program files (x86)\microsoft visual studio 14.0\vc\include\xmemory(135): note: see declaration of 'pxl::system::std::_Uninitialized_copy_n2'
     1>c:\program files (x86)\microsoft visual studio 14.0\vc\include\xmemory(158): error C2061: syntax error: identifier 'input_iterator_tag'
     1>c:\program files (x86)\microsoft visual studio 14.0\vc\include\xmemory(168): error C2061: syntax error: identifier 'random_access_iterator_tag'
     1>c:\program files (x86)\microsoft visual studio 14.0\vc\include\xmemory(174): error C2995: '_FwdIt pxl::system::std::_Uninitialized_copy_n1(_InIt,_Diff,_FwdIt)': function template has already been defined
         c:\program files (x86)\microsoft visual studio 14.0\vc\include\xmemory(157): note: see declaration of 'pxl::system::std::_Uninitialized_copy_n1'
     1>c:\program files (x86)\microsoft visual studio 14.0\vc\include\xmemory(180): error C2061: syntax error: identifier 'true_type'
     1>c:\program files (x86)\microsoft visual studio 14.0\vc\include\xmemory(191): error C2061: syntax error: identifier 'false_type'
     1>c:\program files (x86)\microsoft visual studio 14.0\vc\include\xmemory(257): error C2061: syntax error: identifier '_Nonscalar_ptr_iterator_tag'
     1>c:\program files (x86)\microsoft visual studio 14.0\vc\include\xmemory(275): error C2061: syntax error: identifier '_Scalar_ptr_iterator_tag'
     1>c:\program files (x86)\microsoft visual studio 14.0\vc\include\xmemory(281): error C2995: '_FwdIt pxl::system::std::_Uninitialized_copy0(_InIt,_InIt,_FwdIt)': function template has already been defined
         c:\program files (x86)\microsoft visual studio 14.0\vc\include\xmemory(256): note: see declaration of 'pxl::system::std::_Uninitialized_copy0'
     1>c:\program files (x86)\microsoft visual studio 14.0\vc\include\xmemory(307): error C2061: syntax error: identifier 'input_iterator_tag'
     1>c:\program files (x86)\microsoft visual studio 14.0\vc\include\xmemory(316): error C2061: syntax error: identifier 'random_access_iterator_tag'
     1>c:\program files (x86)\microsoft visual studio 14.0\vc\include\xmemory(327): error C2061: syntax error: identifier 'true_type'
     1>c:\program files (x86)\microsoft visual studio 14.0\vc\include\xmemory(337): error C2061: syntax error: identifier 'false_type'
     1>c:\program files (x86)\microsoft visual studio 14.0\vc\include\xmemory(372): error C2061: syntax error: identifier '_Wrap_alloc'
     1>c:\program files (x86)\microsoft visual studio 14.0\vc\include\xmemory(392): error C2061: syntax error: identifier '_Wrap_alloc'
     1>c:\program files (x86)\microsoft visual studio 14.0\vc\include\xmemory(396): error C2995: '_FwdIt pxl::system::std::_Uninit_copy(_InIt,_InIt,_FwdIt)': function template has already been defined
         c:\program files (x86)\microsoft visual studio 14.0\vc\include\xmemory(371): note: see declaration of 'pxl::system::std::_Uninit_copy'
     1>c:\program files (x86)\microsoft visual studio 14.0\vc\include\xmemory(401): error C2061: syntax error: identifier '_Wrap_alloc'
     1>c:\program files (x86)\microsoft visual studio 14.0\vc\include\xmemory(436): error C2061: syntax error: identifier '_Wrap_alloc'
     1>c:\program files (x86)\microsoft visual studio 14.0\vc\include\xmemory(457): error C2061: syntax error: identifier '_Wrap_alloc'
     1>c:\program files (x86)\microsoft visual studio 14.0\vc\include\xmemory(461): error C2995: '_FwdIt pxl::system::std::_Uninit_move(_InIt,_InIt,_FwdIt)': function template has already been defined
         c:\program files (x86)\microsoft visual studio 14.0\vc\include\xmemory(435): note: see declaration of 'pxl::system::std::_Uninit_move'
     1>c:\program files (x86)\microsoft visual studio 14.0\vc\include\xmemory(467): error C2061: syntax error: identifier '_Wrap_alloc'
     1>c:\program files (x86)\microsoft visual studio 14.0\vc\include\xmemory(500): error C2061: syntax error: identifier '_Nonscalar_ptr_iterator_tag'
     1>c:\program files (x86)\microsoft visual studio 14.0\vc\include\xmemory(518): error C2061: syntax error: identifier '_Scalar_ptr_iterator_tag'
     1>c:\program files (x86)\microsoft visual studio 14.0\vc\include\xmemory(535): error C2061: syntax error: identifier '_Nonscalar_ptr_iterator_tag'
     1>c:\program files (x86)\microsoft visual studio 14.0\vc\include\xmemory(560): error C2061: syntax error: identifier '_Scalar_ptr_iterator_tag'
     1>c:\program files (x86)\microsoft visual studio 14.0\vc\include\xmemory(581): error C2061: syntax error: identifier '_Wrap_alloc'
     1>c:\program files (x86)\microsoft visual studio 14.0\vc\include\xmemory(607): error C2061: syntax error: identifier '_Wrap_alloc'
     1>c:\program files (x86)\microsoft visual studio 14.0\vc\include\xmemory(612): error C2995: 'void pxl::system::std::_Uninit_fill_n(_FwdIt,_Diff,const _Tval *)': function template has already been defined
         c:\program files (x86)\microsoft visual studio 14.0\vc\include\xmemory(580): note: see declaration of 'pxl::system::std::_Uninit_fill_n'
     1>c:\program files (x86)\microsoft visual studio 14.0\vc\include\xmemory(619): error C2061: syntax error: identifier '_Wrap_alloc'
     1>c:\program files (x86)\microsoft visual studio 14.0\vc\include\xmemory(642): error C2061: syntax error: identifier '_Wrap_alloc'
     1>c:\program files (x86)\microsoft visual studio 14.0\vc\include\xmemory(668): error C2061: syntax error: identifier '_Wrap_alloc'
     1>c:\program files (x86)\microsoft visual studio 14.0\vc\include\xmemory(672): error C2995: 'void pxl::system::std::_Uninit_def_fill_n(_FwdIt,_Diff)': function template has already been defined
         c:\program files (x86)\microsoft visual studio 14.0\vc\include\xmemory(641): note: see declaration of 'pxl::system::std::_Uninit_def_fill_n'
     1>c:\program files (x86)\microsoft visual studio 14.0\vc\include\xmemory(678): error C2061: syntax error: identifier '_Wrap_alloc'
     1>c:\program files (x86)\microsoft visual studio 14.0\vc\include\vector(23): error C2143: syntax error: missing ',' before '<'
         c:\program files (x86)\microsoft visual studio 14.0\vc\include\vector(260): note: see reference to class template instantiation 'pxl::system::std::_Vector_const_iterator<_Myvec>' being compiled
     1>c:\program files (x86)\microsoft visual studio 14.0\vc\include\vector(24): error C2518: keyword 'typename' illegal in base class list; ignored
     1>c:\program files (x86)\microsoft visual studio 14.0\vc\include\vector(25): error C2518: keyword 'typename' illegal in base class list; ignored
     1>c:\program files (x86)\microsoft visual studio 14.0\vc\include\vector(26): error C2518: keyword 'typename' illegal in base class list; ignored
     1>c:\program files (x86)\microsoft visual studio 14.0\vc\include\vector(27): error C2518: keyword 'typename' illegal in base class list; ignored
     1>c:\program files (x86)\microsoft visual studio 14.0\vc\include\vector(32): error C3646: 'iterator_category': unknown override specifier
     1>c:\program files (x86)\microsoft visual studio 14.0\vc\include\vector(32): error C4430: missing type specifier - int assumed. Note: C++ does not support default-int
     1>c:\program files (x86)\microsoft visual studio 14.0\vc\include\vector(45): error C4430: missing type specifier - int assumed. Note: C++ does not support default-int
     1>c:\program files (x86)\microsoft visual studio 14.0\vc\include\vector(45): error C2143: syntax error: missing ',' before '*'
     1>c:\program files (x86)\microsoft visual studio 14.0\vc\include\vector(305): error C4430: missing type specifier - int assumed. Note: C++ does not support default-int
         c:\program files (x86)\microsoft visual studio 14.0\vc\include\vector(391): note: see reference to class template instantiation 'pxl::system::std::_Vector_iterator<_Myvec>' being compiled
     1>c:\program files (x86)\microsoft visual studio 14.0\vc\include\vector(305): error C2143: syntax error: missing ',' before '*'
     1>c:\program files (x86)\microsoft visual studio 14.0\vc\include\vector(443): error C2143: syntax error: missing ';' before '<'
         c:\program files (x86)\microsoft visual studio 14.0\vc\include\vector(457): note: see reference to class template instantiation 'pxl::system::std::_Vec_base_types<_Ty,_Alloc0>' being compiled
     1>c:\program files (x86)\microsoft visual studio 14.0\vc\include\vector(443): error C4430: missing type specifier - int assumed. Note: C++ does not support default-int
     1>c:\program files (x86)\microsoft visual studio 14.0\vc\include\vector(443): error C2238: unexpected token(s) preceding ';'
     1>c:\program files (x86)\microsoft visual studio 14.0\vc\include\vector(444): error C2653: '_Alty0': is not a class or namespace name
     1>c:\program files (x86)\microsoft visual studio 14.0\vc\include\vector(444): error C2143: syntax error: missing ';' before '<'
     1>c:\program files (x86)\microsoft visual studio 14.0\vc\include\vector(444): error C4430: missing type specifier - int assumed. Note: C++ does not support default-int
     1>c:\program files (x86)\microsoft visual studio 14.0\vc\include\vector(444): error C2238: unexpected token(s) preceding ';'
     1>c:\program files (x86)\microsoft visual studio 14.0\vc\include\vector(447): error C2143: syntax error: missing ';' before '<'
     1>c:\program files (x86)\microsoft visual studio 14.0\vc\include\vector(447): error C4430: missing type specifier - int assumed. Note: C++ does not support default-int
     1>c:\program files (x86)\microsoft visual studio 14.0\vc\include\vector(448): error C2653: '_Alty': is not a class or namespace name
     1>c:\program files (x86)\microsoft visual studio 14.0\vc\include\vector(449): error C2653: '_Alty': is not a class or namespace name
     1>c:\program files (x86)\microsoft visual studio 14.0\vc\include\vector(449): error C2146: syntax error: missing '>' before identifier 'value_type'
     1>c:\program files (x86)\microsoft visual studio 14.0\vc\include\vector(450): error C2653: '_Alty': is not a class or namespace name
     1>c:\program files (x86)\microsoft visual studio 14.0\vc\include\vector(451): error C2653: '_Alty': is not a class or namespace name
     1>c:\program files (x86)\microsoft visual studio 14.0\vc\include\vector(452): error C2653: '_Alty': is not a class or namespace name
     1>c:\program files (x86)\microsoft visual studio 14.0\vc\include\vector(453): error C2653: '_Alty': is not a class or namespace name
     1>c:\program files (x86)\microsoft visual studio 14.0\vc\include\vector(454): error C2653: '_Alty': is not a class or namespace name
     1>c:\program files (x86)\microsoft visual studio 14.0\vc\include\vector(455): error C2653: '_Alty': is not a class or namespace name
     1>c:\program files (x86)\microsoft visual studio 14.0\vc\include\vector(456): error C2238: unexpected token(s) preceding ';'
     1>c:\program files (x86)\microsoft visual studio 14.0\vc\include\vector(594): error C2143: syntax error: missing ';' before '*'
         c:\program files (x86)\microsoft visual studio 14.0\vc\include\vector(672): note: see reference to class template instantiation 'pxl::system::std::_Vector_alloc<_Alloc_types>' being compiled
     1>c:\program files (x86)\microsoft visual studio 14.0\vc\include\vector(594): error C4430: missing type specifier - int assumed. Note: C++ does not support default-int
     1>c:\program files (x86)\microsoft visual studio 14.0\vc\include\vector(595): error C2334: unexpected token(s) preceding '{'; skipping apparent function body
     1>c:\program files (x86)\microsoft visual studio 14.0\vc\include\vector(599): error C2143: syntax error: missing ';' before '*'
     1>c:\program files (x86)\microsoft visual studio 14.0\vc\include\vector(599): error C4430: missing type specifier - int assumed. Note: C++ does not support default-int
     1>c:\program files (x86)\microsoft visual studio 14.0\vc\include\vector(600): error C2334: unexpected token(s) preceding '{'; skipping apparent function body
     1>c:\program files (x86)\microsoft visual studio 14.0\vc\include\vector(604): error C2143: syntax error: missing ';' before '*'
     1>c:\program files (x86)\microsoft visual studio 14.0\vc\include\vector(604): error C4430: missing type specifier - int assumed. Note: C++ does not support default-int
     1>c:\program files (x86)\microsoft visual studio 14.0\vc\include\vector(605): error C2334: unexpected token(s) preceding '{'; skipping apparent function body
     1>c:\program files (x86)\microsoft visual studio 14.0\vc\include\vector(671): error C2143: syntax error: missing ';' before '<'
     1>c:\program files (x86)\microsoft visual studio 14.0\vc\include\vector(671): error C4430: missing type specifier - int assumed. Note: C++ does not support default-int
     1>c:\program files (x86)\microsoft visual studio 14.0\vc\include\vector(671): error C2238: unexpected token(s) preceding ';'
     1>c:\program files (x86)\microsoft visual studio 14.0\vc\include\vector(797): error C2061: syntax error: identifier 'input_iterator_tag'
         c:\program files (x86)\microsoft visual studio 14.0\vc\include\vector(1815): note: see reference to class template instantiation 'pxl::system::std::vector<_Ty,_Alloc>' being compiled
     1>c:\program files (x86)\microsoft visual studio 14.0\vc\include\vector(808): error C2535: 'void pxl::system::std::vector<_Ty,_Alloc>::_Construct(_Iter,_Iter)': member function already defined or declared
         c:\program files (x86)\microsoft visual studio 14.0\vc\include\vector(790): note: see declaration of 'pxl::system::std::vector<_Ty,_Alloc>::_Construct'
     1>c:\program files (x86)\microsoft visual studio 14.0\vc\include\vector(812): error C2061: syntax error: identifier 'forward_iterator_tag'
     1>c:\program files (x86)\microsoft visual studio 14.0\vc\include\vector(823): error C2535: 'void pxl::system::std::vector<_Ty,_Alloc>::_Construct(_Iter,_Iter)': member function already defined or declared
         c:\program files (x86)\microsoft visual studio 14.0\vc\include\vector(790): note: see declaration of 'pxl::system::std::vector<_Ty,_Alloc>::_Construct'
     1>c:\program files (x86)\microsoft visual studio 14.0\vc\include\vector(866): error C2061: syntax error: identifier 'true_type'
     1>c:\program files (x86)\microsoft visual studio 14.0\vc\include\vector(878): error C2061: syntax error: identifier 'false_type'
     1>c:\program files (x86)\microsoft visual studio 14.0\vc\include\vector(879): error C2535: 'void pxl::system::std::vector<_Ty,_Alloc>::_Assign_rv(pxl::system::std::vector<_Ty,_Alloc_types::_Alloc> &&)': member function already defined or declared
         c:\program files (x86)\microsoft visual studio 14.0\vc\include\vector(866): note: see declaration of 'pxl::system::std::vector<_Ty,_Alloc>::_Assign_rv'
     1>c:\program files (x86)\microsoft visual studio 14.0\vc\include\vector(888): error C2535: 'void pxl::system::std::vector<_Ty,_Alloc>::_Assign_rv(pxl::system::std::vector<_Ty,_Alloc_types::_Alloc> &&)': member function already defined or declared
         c:\program files (x86)\microsoft visual studio 14.0\vc\include\vector(866): note: see declaration of 'pxl::system::std::vector<_Ty,_Alloc>::_Assign_rv'
     1>c:\program files (x86)\microsoft visual studio 14.0\vc\include\vector(1318): error C2988: unrecognizable template declaration/definition
     1>c:\program files (x86)\microsoft visual studio 14.0\vc\include\vector(1318): error C2143: syntax error: missing ';' before '<'
     1>c:\program files (x86)\microsoft visual studio 14.0\vc\include\vector(1318): error C4430: missing type specifier - int assumed. Note: C++ does not support default-int
     1>c:\program files (x86)\microsoft visual studio 14.0\vc\include\vector(1318): error C2238: unexpected token(s) preceding ';'
     1>c:\program files (x86)\microsoft visual studio 14.0\vc\include\vector(1318): error C2059: syntax error: '<'
     1>c:\program files (x86)\microsoft visual studio 14.0\vc\include\vector(1329): error C2334: unexpected token(s) preceding '{'; skipping apparent function body
     1>c:\program files (x86)\microsoft visual studio 14.0\vc\include\vector(1336): error C2061: syntax error: identifier 'forward_iterator_tag'
     1>c:\program files (x86)\microsoft visual studio 14.0\vc\include\vector(1368): error C2988: unrecognizable template declaration/definition
     1>c:\program files (x86)\microsoft visual studio 14.0\vc\include\vector(1368): error C2143: syntax error: missing ';' before '<'
     1>c:\program files (x86)\microsoft visual studio 14.0\vc\include\vector(1368): error C4430: missing type specifier - int assumed. Note: C++ does not support default-int
     1>c:\program files (x86)\microsoft visual studio 14.0\vc\include\vector(1368): error C2238: unexpected token(s) preceding ';'
     1>c:\program files (x86)\microsoft visual studio 14.0\vc\include\vector(1368): error C2059: syntax error: '<'
     1>c:\program files (x86)\microsoft visual studio 14.0\vc\include\vector(1381): error C2334: unexpected token(s) preceding '{'; skipping apparent function body
     1>c:\program files (x86)\microsoft visual studio 14.0\vc\include\vector(1409): error C2061: syntax error: identifier 'forward_iterator_tag'
     1>c:\program files (x86)\microsoft visual studio 14.0\vc\include\vector(1886): error C2143: syntax error: missing ',' before '<'
         c:\program files (x86)\microsoft visual studio 14.0\vc\include\vector(1934): note: see reference to class template instantiation 'pxl::system::std::_Vb_iter_base<_Alloc>' being compiled
     1>c:\program files (x86)\microsoft visual studio 14.0\vc\include\vector(1888): error C2518: keyword 'typename' illegal in base class list; ignored
     1>c:\program files (x86)\microsoft visual studio 14.0\vc\include\vector(1902): error C4430: missing type specifier - int assumed. Note: C++ does not support default-int
     1>c:\program files (x86)\microsoft visual studio 14.0\vc\include\vector(1903): error C2143: syntax error: missing ',' before '*'
     1>c:\program files (x86)\microsoft visual studio 14.0\vc\include\vector(1902): fatal error C1003: error count exceeds 100; stopping compilation
         PXL.cpp
     1>d:\development\c++\pxl2d\pxl2d\include\system\exception.h(14): error C2061: syntax error: identifier 'ErrorCode'
     1>d:\development\c++\pxl2d\pxl2d\include\system\exception.h(16): error C2061: syntax error: identifier 'ErrorCode'
     1>d:\development\c++\pxl2d\pxl2d\include\system\windowimpl.h(21): error C3646: 'hwnd': unknown override specifier
     1>d:\development\c++\pxl2d\pxl2d\include\system\windowimpl.h(21): error C4430: missing type specifier - int assumed. Note: C++ does not support default-int
     1>d:\development\c++\pxl2d\pxl2d\include\system\win32\win32window.h(21): error C2504: 'WindowImpl': base class undefined
     1>d:\development\c++\pxl2d\pxl2d\include\system\win32\win32window.h(32): error C2079: 'pxl::system::pxl::system::Win32Window::device_context_handle' uses undefined class 'pxl::system::HDC'
     1>d:\development\c++\pxl2d\pxl2d\include\system\win32\win32window.h(33): error C2079: 'pxl::system::pxl::system::Win32Window::gl_render_context_handle' uses undefined class 'pxl::system::HGLRC'
     1>d:\development\c++\pxl2d\pxl2d\include\system\win32\win32window.h(34): error C2079: 'pxl::system::pxl::system::Win32Window::instance_handle' uses undefined class 'pxl::system::HINSTANCE'
     1>d:\development\c++\pxl2d\pxl2d\include\system\win32\win32window.h(35): error C2079: 'pxl::system::pxl::system::Win32Window::win_class' uses undefined class 'pxl::system::WNDCLASS'
     1>d:\development\c++\pxl2d\pxl2d\include\system\win32\win32window.h(36): error C3646: 'win_handle': unknown override specifier
     1>d:\development\c++\pxl2d\pxl2d\include\system\win32\win32window.h(36): error C4430: missing type specifier - int assumed. Note: C++ does not support default-int
     1>d:\development\c++\pxl2d\pxl2d\include\system\win32\win32window.h(57): error C3646: 'msg': unknown override specifier
     1>d:\development\c++\pxl2d\pxl2d\include\system\win32\win32window.h(57): error C4430: missing type specifier - int assumed. Note: C++ does not support default-int
     1>d:\development\c++\pxl2d\pxl2d\include\system\window.h(11): error C4430: missing type specifier - int assumed. Note: C++ does not support default-int
     1>d:\development\c++\pxl2d\pxl2d\include\system\window.h(11): error C2146: syntax error: missing ';' before identifier 'WinImplClass'
     1>d:\development\c++\pxl2d\pxl2d\include\system\window.h(23): error C2516: 'pxl::system::WinImplClass': is not a legal base class
         d:\development\c++\pxl2d\pxl2d\include\system\window.h(11): note: see declaration of 'pxl::system::WinImplClass'
     1>d:\development\c++\pxl2d\pxl2d\include\system\window.h(34): error C3861: 'create_window': identifier not found
     1>d:\development\c++\pxl2d\pxl2d\include\system\window.h(40): error C2660: 'free': function does not take 0 arguments
     1>d:\development\c++\pxl2d\pxl2d\include\graphics\sprite.h(60): warning C4244: 'return': conversion from 'int' to 'float', possible loss of data
     1>d:\development\c++\pxl2d\pxl2d\include\graphics\sprite.h(61): warning C4244: 'return': conversion from 'int' to 'float', possible loss of data
     1>d:\development\c++\pxl2d\pxl2d\include\graphics\text.h(112): warning C4244: 'argument': conversion from 'int' to 'float', possible loss of data
     1>c:\program files (x86)\windows kits\8.1\include\shared\minwindef.h(242): error C2040: 'pxl::system::HINSTANCE': 'pxl::system::HINSTANCE__ *' differs in levels of indirection from 'pxl::system::HINSTANCE'
     1>c:\program files (x86)\windows kits\8.1\include\shared\windef.h(80): error C2040: 'pxl::system::HDC': 'pxl::system::HDC__ *' differs in levels of indirection from 'pxl::system::HDC'
     1>c:\program files (x86)\windows kits\8.1\include\shared\windef.h(82): error C2040: 'pxl::system::HGLRC': 'pxl::system::HGLRC__ *' differs in levels of indirection from 'pxl::system::HGLRC'
     1>c:\program files (x86)\windows kits\8.1\include\um\minwinbase.h(249): error C2079: 'pxl::system::_REASON_CONTEXT::<unnamed-tag>::LocalizedReasonModule' uses undefined class 'pxl::system::HINSTANCE'
     1>c:\program files (x86)\windows kits\8.1\include\um\libloaderapi.h(278): error C2526: 'GetModuleHandleA': C linkage function cannot return C++ class 'pxl::system::HINSTANCE'
         d:\development\c++\pxl2d\pxl2d\include\system\win32\win32window.h(10): note: see declaration of 'pxl::system::HINSTANCE'
     1>c:\program files (x86)\windows kits\8.1\include\um\libloaderapi.h(287): error C2526: 'GetModuleHandleW': C linkage function cannot return C++ class 'pxl::system::HINSTANCE'
         d:\development\c++\pxl2d\pxl2d\include\system\win32\win32window.h(10): note: see declaration of 'pxl::system::HINSTANCE'
     1>c:\program files (x86)\windows kits\8.1\include\um\libloaderapi.h(381): error C2526: 'LoadLibraryExA': C linkage function cannot return C++ class 'pxl::system::HINSTANCE'
         d:\development\c++\pxl2d\pxl2d\include\system\win32\win32window.h(10): note: see declaration of 'pxl::system::HINSTANCE'
     1>c:\program files (x86)\windows kits\8.1\include\um\libloaderapi.h(391): error C2526: 'LoadLibraryExW': C linkage function cannot return C++ class 'pxl::system::HINSTANCE'
         d:\development\c++\pxl2d\pxl2d\include\system\win32\win32window.h(10): note: see declaration of 'pxl::system::HINSTANCE'
     1>c:\program files (x86)\windows kits\8.1\include\um\winbase.h(3181): error C2526: 'LoadLibraryA': C linkage function cannot return C++ class 'pxl::system::HINSTANCE'
         d:\development\c++\pxl2d\pxl2d\include\system\win32\win32window.h(10): note: see declaration of 'pxl::system::HINSTANCE'
     1>c:\program files (x86)\windows kits\8.1\include\um\winbase.h(3188): error C2526: 'LoadLibraryW': C linkage function cannot return C++ class 'pxl::system::HINSTANCE'
         d:\development\c++\pxl2d\pxl2d\include\system\win32\win32window.h(10): note: see declaration of 'pxl::system::HINSTANCE'
     1>c:\program files (x86)\windows kits\8.1\include\um\winbase.h(3210): error C2526: 'LoadPackagedLibrary': C linkage function cannot return C++ class 'pxl::system::HINSTANCE'
         d:\development\c++\pxl2d\pxl2d\include\system\win32\win32window.h(10): note: see declaration of 'pxl::system::HINSTANCE'
     1>c:\program files (x86)\windows kits\8.1\include\um\winbase.h(7691): error C2079: 'pxl::system::tagACTCTXA::hModule' uses undefined class 'pxl::system::HINSTANCE'
     1>c:\program files (x86)\windows kits\8.1\include\um\winbase.h(7702): error C2079: 'pxl::system::tagACTCTXW::hModule' uses undefined class 'pxl::system::HINSTANCE'
     1>c:\program files (x86)\windows kits\8.1\include\um\wingdi.h(3631): error C2526: 'CreateCompatibleDC': C linkage function cannot return C++ class 'pxl::system::HDC'
         d:\development\c++\pxl2d\pxl2d\include\system\win32\win32window.h(8): note: see declaration of 'pxl::system::HDC'
     1>c:\program files (x86)\windows kits\8.1\include\um\wingdi.h(3632): error C2526: 'CreateDCA': C linkage function cannot return C++ class 'pxl::system::HDC'
         d:\development\c++\pxl2d\pxl2d\include\system\win32\win32window.h(8): note: see declaration of 'pxl::system::HDC'
     1>c:\program files (x86)\windows kits\8.1\include\um\wingdi.h(3633): error C2526: 'CreateDCW': C linkage function cannot return C++ class 'pxl::system::HDC'
         d:\development\c++\pxl2d\pxl2d\include\system\win32\win32window.h(8): note: see declaration of 'pxl::system::HDC'
     1>c:\program files (x86)\windows kits\8.1\include\um\wingdi.h(3664): error C2526: 'CreateICA': C linkage function cannot return C++ class 'pxl::system::HDC'
         d:\development\c++\pxl2d\pxl2d\include\system\win32\win32window.h(8): note: see declaration of 'pxl::system::HDC'
     1>c:\program files (x86)\windows kits\8.1\include\um\wingdi.h(3665): error C2526: 'CreateICW': C linkage function cannot return C++ class 'pxl::system::HDC'
         d:\development\c++\pxl2d\pxl2d\include\system\win32\win32window.h(8): note: see declaration of 'pxl::system::HDC'
     1>c:\program files (x86)\windows kits\8.1\include\um\wingdi.h(3671): error C2526: 'CreateMetaFileA': C linkage function cannot return C++ class 'pxl::system::HDC'
         d:\development\c++\pxl2d\pxl2d\include\system\win32\win32window.h(8): note: see declaration of 'pxl::system::HDC'
     1>c:\program files (x86)\windows kits\8.1\include\um\wingdi.h(3672): error C2526: 'CreateMetaFileW': C linkage function cannot return C++ class 'pxl::system::HDC'
         d:\development\c++\pxl2d\pxl2d\include\system\win32\win32window.h(8): note: see declaration of 'pxl::system::HDC'
     1>c:\program files (x86)\windows kits\8.1\include\um\wingdi.h(4387): error C2526: 'ResetDCA': C linkage function cannot return C++ class 'pxl::system::HDC'
         d:\development\c++\pxl2d\pxl2d\include\system\win32\win32window.h(8): note: see declaration of 'pxl::system::HDC'
     1>c:\program files (x86)\windows kits\8.1\include\um\wingdi.h(4388): error C2526: 'ResetDCW': C linkage function cannot return C++ class 'pxl::system::HDC'
         d:\development\c++\pxl2d\pxl2d\include\system\win32\win32window.h(8): note: see declaration of 'pxl::system::HDC'
     1>c:\program files (x86)\windows kits\8.1\include\um\wingdi.h(4672): error C2526: 'CreateEnhMetaFileA': C linkage function cannot return C++ class 'pxl::system::HDC'
         d:\development\c++\pxl2d\pxl2d\include\system\win32\win32window.h(8): note: see declaration of 'pxl::system::HDC'
     1>c:\program files (x86)\windows kits\8.1\include\um\wingdi.h(4673): error C2526: 'CreateEnhMetaFileW': C linkage function cannot return C++ class 'pxl::system::HDC'
         d:\development\c++\pxl2d\pxl2d\include\system\win32\win32window.h(8): note: see declaration of 'pxl::system::HDC'
     1>c:\program files (x86)\windows kits\8.1\include\um\wingdi.h(6074): error C2526: 'wglCreateContext': C linkage function cannot return C++ class 'pxl::system::HGLRC'
         d:\development\c++\pxl2d\pxl2d\include\system\win32\win32window.h(9): note: see declaration of 'pxl::system::HGLRC'
     1>c:\program files (x86)\windows kits\8.1\include\um\wingdi.h(6075): error C2526: 'wglCreateLayerContext': C linkage function cannot return C++ class 'pxl::system::HGLRC'
         d:\development\c++\pxl2d\pxl2d\include\system\win32\win32window.h(9): note: see declaration of 'pxl::system::HGLRC'
     1>c:\program files (x86)\windows kits\8.1\include\um\wingdi.h(6077): error C2526: 'wglGetCurrentContext': C linkage function cannot return C++ class 'pxl::system::HGLRC'
         d:\development\c++\pxl2d\pxl2d\include\system\win32\win32window.h(9): note: see declaration of 'pxl::system::HGLRC'
     1>c:\program files (x86)\windows kits\8.1\include\um\wingdi.h(6078): error C2526: 'wglGetCurrentDC': C linkage function cannot return C++ class 'pxl::system::HDC'
         d:\development\c++\pxl2d\pxl2d\include\system\win32\win32window.h(8): note: see declaration of 'pxl::system::HDC'
     1>c:\program files (x86)\windows kits\8.1\include\um\wingdi.h(6205): error C2079: 'pxl::system::_WGLSWAP::hdc' uses undefined class 'pxl::system::HDC'
     1>c:\program files (x86)\windows kits\8.1\include\um\winuser.h(1680): error C2079: 'pxl::system::tagWNDCLASSEXA::hInstance' uses undefined class 'pxl::system::HINSTANCE'
     1>c:\program files (x86)\windows kits\8.1\include\um\winuser.h(1696): error C2079: 'pxl::system::tagWNDCLASSEXW::hInstance' uses undefined class 'pxl::system::HINSTANCE'
     1>c:\program files (x86)\windows kits\8.1\include\um\winuser.h(1723): error C2079: 'pxl::system::tagWNDCLASSA::hInstance' uses undefined class 'pxl::system::HINSTANCE'
     1>c:\program files (x86)\windows kits\8.1\include\um\winuser.h(1735): error C2079: 'pxl::system::tagWNDCLASSW::hInstance' uses undefined class 'pxl::system::HINSTANCE'
     1>c:\program files (x86)\windows kits\8.1\include\um\winuser.h(1748): error C2371: 'pxl::system::WNDCLASS': redefinition; different basic types
         d:\development\c++\pxl2d\pxl2d\include\system\win32\win32window.h(11): note: see declaration of 'pxl::system::WNDCLASS'
     1>c:\program files (x86)\windows kits\8.1\include\um\winuser.h(3074): error C2079: 'pxl::system::tagPAINTSTRUCT::hdc' uses undefined class 'pxl::system::HDC'
     1>c:\program files (x86)\windows kits\8.1\include\um\winuser.h(3084): error C2079: 'pxl::system::tagCREATESTRUCTA::hInstance' uses undefined class 'pxl::system::HINSTANCE'
     1>c:\program files (x86)\windows kits\8.1\include\um\winuser.h(3098): error C2079: 'pxl::system::tagCREATESTRUCTW::hInstance' uses undefined class 'pxl::system::HINSTANCE'
     1>c:\program files (x86)\windows kits\8.1\include\um\winuser.h(3235): error C2079: 'pxl::system::tagDRAWITEMSTRUCT::hDC' uses undefined class 'pxl::system::HDC'
     1>c:\program files (x86)\windows kits\8.1\include\um\winuser.h(4365): error C2079: 'pxl::system::tagUPDATELAYEREDWINDOWINFO::hdcDst' uses undefined class 'pxl::system::HDC'
     1>c:\program files (x86)\windows kits\8.1\include\um\winuser.h(4368): error C2079: 'pxl::system::tagUPDATELAYEREDWINDOWINFO::hdcSrc' uses undefined class 'pxl::system::HDC'
     1>c:\program files (x86)\windows kits\8.1\include\um\winuser.h(8066): error C2526: 'GetDC': C linkage function cannot return C++ class 'pxl::system::HDC'
         d:\development\c++\pxl2d\pxl2d\include\system\win32\win32window.h(8): note: see declaration of 'pxl::system::HDC'
     1>c:\program files (x86)\windows kits\8.1\include\um\winuser.h(8074): error C2526: 'GetDCEx': C linkage function cannot return C++ class 'pxl::system::HDC'
         d:\development\c++\pxl2d\pxl2d\include\system\win32\win32window.h(8): note: see declaration of 'pxl::system::HDC'
     1>c:\program files (x86)\windows kits\8.1\include\um\winuser.h(8103): error C2526: 'GetWindowDC': C linkage function cannot return C++ class 'pxl::system::HDC'
         d:\development\c++\pxl2d\pxl2d\include\system\win32\win32window.h(8): note: see declaration of 'pxl::system::HDC'
     1>c:\program files (x86)\windows kits\8.1\include\um\winuser.h(8117): error C2526: 'BeginPaint': C linkage function cannot return C++ class 'pxl::system::HDC'
         d:\development\c++\pxl2d\pxl2d\include\system\win32\win32window.h(8): note: see declaration of 'pxl::system::HDC'
     1>c:\program files (x86)\windows kits\8.1\include\um\winuser.h(8764): error C2079: 'pxl::system::tagMSGBOXPARAMSA::hInstance' uses undefined class 'pxl::system::HINSTANCE'
     1>c:\program files (x86)\windows kits\8.1\include\um\winuser.h(8777): error C2079: 'pxl::system::tagMSGBOXPARAMSW::hInstance' uses undefined class 'pxl::system::HINSTANCE'
     1>c:\program files (x86)\windows kits\8.1\include\um\mciapi.h(1203): error C2079: 'pxl::system::tagMCI_ANIM_UPDATE_PARMS::hDC' uses undefined class 'pxl::system::HDC'
     1>c:\program files (x86)\windows kits\8.1\include\um\mmiscapi.h(152): error C2526: 'DrvGetModuleHandle': C linkage function cannot return C++ class 'pxl::system::HINSTANCE'
         d:\development\c++\pxl2d\pxl2d\include\system\win32\win32window.h(10): note: see declaration of 'pxl::system::HINSTANCE'
     1>c:\program files (x86)\windows kits\8.1\include\um\mmiscapi.h(159): error C2526: 'GetDriverModuleHandle': C linkage function cannot return C++ class 'pxl::system::HINSTANCE'
         d:\development\c++\pxl2d\pxl2d\include\system\win32\win32window.h(10): note: see declaration of 'pxl::system::HINSTANCE'
     1>c:\program files (x86)\windows kits\8.1\include\um\shellapi.h(78): error C2526: 'ShellExecuteA': C linkage function cannot return C++ class 'pxl::system::HINSTANCE'
         d:\development\c++\pxl2d\pxl2d\include\system\win32\win32window.h(10): note: see declaration of 'pxl::system::HINSTANCE'
     1>c:\program files (x86)\windows kits\8.1\include\um\shellapi.h(80): error C2526: 'ShellExecuteW': C linkage function cannot return C++ class 'pxl::system::HINSTANCE'
         d:\development\c++\pxl2d\pxl2d\include\system\win32\win32window.h(10): note: see declaration of 'pxl::system::HINSTANCE'
     1>c:\program files (x86)\windows kits\8.1\include\um\shellapi.h(87): error C2526: 'FindExecutableA': C linkage function cannot return C++ class 'pxl::system::HINSTANCE'
         d:\development\c++\pxl2d\pxl2d\include\system\win32\win32window.h(10): note: see declaration of 'pxl::system::HINSTANCE'
     1>c:\program files (x86)\windows kits\8.1\include\um\shellapi.h(89): error C2526: 'FindExecutableW': C linkage function cannot return C++ class 'pxl::system::HINSTANCE'
         d:\development\c++\pxl2d\pxl2d\include\system\win32\win32window.h(10): note: see declaration of 'pxl::system::HINSTANCE'
     1>c:\program files (x86)\windows kits\8.1\include\um\shellapi.h(445): error C2079: 'pxl::system::_SHELLEXECUTEINFOA::hInstApp' uses undefined class 'pxl::system::HINSTANCE'
     1>c:\program files (x86)\windows kits\8.1\include\um\shellapi.h(469): error C2079: 'pxl::system::_SHELLEXECUTEINFOW::hInstApp' uses undefined class 'pxl::system::HINSTANCE'
     1>c:\program files (x86)\windows kits\8.1\include\um\prsht.h(196): error C2079: 'pxl::system::_PROPSHEETPAGEA_V1::hInstance' uses undefined class 'pxl::system::HINSTANCE'
     1>c:\program files (x86)\windows kits\8.1\include\um\prsht.h(202): error C2079: 'pxl::system::_PROPSHEETPAGEA_V2::hInstance' uses undefined class 'pxl::system::HINSTANCE'
     1>c:\program files (x86)\windows kits\8.1\include\um\prsht.h(211): error C2079: 'pxl::system::_PROPSHEETPAGEA_V3::hInstance' uses undefined class 'pxl::system::HINSTANCE'
     1>c:\program files (x86)\windows kits\8.1\include\um\prsht.h(223): error C2079: 'pxl::system::_PROPSHEETPAGEA::hInstance' uses undefined class 'pxl::system::HINSTANCE'
     1>c:\program files (x86)\windows kits\8.1\include\um\prsht.h(242): error C2079: 'pxl::system::_PROPSHEETPAGEW_V1::hInstance' uses undefined class 'pxl::system::HINSTANCE'
     1>c:\program files (x86)\windows kits\8.1\include\um\prsht.h(248): error C2079: 'pxl::system::_PROPSHEETPAGEW_V2::hInstance' uses undefined class 'pxl::system::HINSTANCE'
     1>c:\program files (x86)\windows kits\8.1\include\um\prsht.h(257): error C2079: 'pxl::system::_PROPSHEETPAGEW_V3::hInstance' uses undefined class 'pxl::system::HINSTANCE'
     1>c:\program files (x86)\windows kits\8.1\include\um\prsht.h(269): error C2079: 'pxl::system::_PROPSHEETPAGEW::hInstance' uses undefined class 'pxl::system::HINSTANCE'
     1>c:\program files (x86)\windows kits\8.1\include\um\prsht.h(471): error C2079: 'pxl::system::_PROPSHEETHEADERA_V1::hInstance' uses undefined class 'pxl::system::HINSTANCE'
     1>c:\program files (x86)\windows kits\8.1\include\um\prsht.h(477): error C2079: 'pxl::system::_PROPSHEETHEADERA_V2::hInstance' uses undefined class 'pxl::system::HINSTANCE'
     1>c:\program files (x86)\windows kits\8.1\include\um\prsht.h(518): error C2079: 'pxl::system::_PROPSHEETHEADERW_V1::hInstance' uses undefined class 'pxl::system::HINSTANCE'
     1>c:\program files (x86)\windows kits\8.1\include\um\prsht.h(524): error C2079: 'pxl::system::_PROPSHEETHEADERW_V2::hInstance' uses undefined class 'pxl::system::HINSTANCE'
     1>c:\program files (x86)\windows kits\8.1\include\um\objbase.h(155): error C2526: 'CoLoadLibrary': C linkage function cannot return C++ class 'pxl::system::HINSTANCE'
         d:\development\c++\pxl2d\pxl2d\include\system\win32\win32window.h(10): note: see declaration of 'pxl::system::HINSTANCE'
     1>c:\program files (x86)\windows kits\8.1\include\um\commdlg.h(118): error C2079: 'pxl::system::tagOFN_NT4A::hInstance' uses undefined class 'pxl::system::HINSTANCE'
     1>c:\program files (x86)\windows kits\8.1\include\um\commdlg.h(140): error C2079: 'pxl::system::tagOFN_NT4W::hInstance' uses undefined class 'pxl::system::HINSTANCE'
     1>c:\program files (x86)\windows kits\8.1\include\um\commdlg.h(170): error C2079: 'pxl::system::tagOFNA::hInstance' uses undefined class 'pxl::system::HINSTANCE'
     1>c:\program files (x86)\windows kits\8.1\include\um\commdlg.h(201): error C2079: 'pxl::system::tagOFNW::hInstance' uses undefined class 'pxl::system::HINSTANCE'
     1>c:\program files (x86)\windows kits\8.1\include\um\commdlg.h(556): error C2079: 'pxl::system::tagFINDREPLACEA::hInstance' uses undefined class 'pxl::system::HINSTANCE'
     1>c:\program files (x86)\windows kits\8.1\include\um\commdlg.h(570): error C2079: 'pxl::system::tagFINDREPLACEW::hInstance' uses undefined class 'pxl::system::HINSTANCE'
     1>c:\program files (x86)\windows kits\8.1\include\um\commdlg.h(643): error C2079: 'pxl::system::tagCHOOSEFONTA::hDC' uses undefined class 'pxl::system::HDC'
     1>c:\program files (x86)\windows kits\8.1\include\um\commdlg.h(651): error C2079: 'pxl::system::tagCHOOSEFONTA::hInstance' uses undefined class 'pxl::system::HINSTANCE'
     1>c:\program files (x86)\windows kits\8.1\include\um\commdlg.h(666): error C2079: 'pxl::system::tagCHOOSEFONTW::hDC' uses undefined class 'pxl::system::HDC'
     1>c:\program files (x86)\windows kits\8.1\include\um\commdlg.h(674): error C2079: 'pxl::system::tagCHOOSEFONTW::hInstance' uses undefined class 'pxl::system::HINSTANCE'
     1>c:\program files (x86)\windows kits\8.1\include\um\commdlg.h(834): error C2079: 'pxl::system::tagPDA::hDC' uses undefined class 'pxl::system::HDC'
     1>c:\program files (x86)\windows kits\8.1\include\um\commdlg.h(841): error C2079: 'pxl::system::tagPDA::hInstance' uses undefined class 'pxl::system::HINSTANCE'
     1>c:\program files (x86)\windows kits\8.1\include\um\commdlg.h(855): error C2079: 'pxl::system::tagPDW::hDC' uses undefined class 'pxl::system::HDC'
     1>c:\program files (x86)\windows kits\8.1\include\um\commdlg.h(862): error C2079: 'pxl::system::tagPDW::hInstance' uses undefined class 'pxl::system::HINSTANCE'
     1>c:\program files (x86)\windows kits\8.1\include\um\commdlg.h(989): error C2079: 'pxl::system::tagPDEXA::hDC' uses undefined class 'pxl::system::HDC'
     1>c:\program files (x86)\windows kits\8.1\include\um\commdlg.h(999): error C2079: 'pxl::system::tagPDEXA::hInstance' uses undefined class 'pxl::system::HINSTANCE'
     1>c:\program files (x86)\windows kits\8.1\include\um\commdlg.h(1015): error C2079: 'pxl::system::tagPDEXW::hDC' uses undefined class 'pxl::system::HDC'
     1>c:\program files (x86)\windows kits\8.1\include\um\commdlg.h(1025): error C2079: 'pxl::system::tagPDEXW::hInstance' uses undefined class 'pxl::system::HINSTANCE'
     1>c:\program files (x86)\windows kits\8.1\include\um\commdlg.h(1152): error C2079: 'pxl::system::tagPSDA::hInstance' uses undefined class 'pxl::system::HINSTANCE'
     1>c:\program files (x86)\windows kits\8.1\include\um\commdlg.h(1152): fatal error C1003: error count exceeds 100; stopping compilation
         Generating Code...
         Compiling...
         Graphics.cpp
     1>d:\development\c++\pxl2d\pxl2d\include\system\exception.h(14): error C2061: syntax error: identifier 'ErrorCode'
     1>d:\development\c++\pxl2d\pxl2d\include\system\exception.h(16): error C2061: syntax error: identifier 'ErrorCode'
     1>d:\development\c++\pxl2d\pxl2d\include\system\windowimpl.h(21): error C3646: 'hwnd': unknown override specifier
     1>d:\development\c++\pxl2d\pxl2d\include\system\windowimpl.h(21): error C4430: missing type specifier - int assumed. Note: C++ does not support default-int
     1>d:\development\c++\pxl2d\pxl2d\include\system\win32\win32window.h(21): error C2504: 'WindowImpl': base class undefined
     1>d:\development\c++\pxl2d\pxl2d\include\system\win32\win32window.h(32): error C2079: 'pxl::system::pxl::system::Win32Window::device_context_handle' uses undefined class 'pxl::system::HDC'
     1>d:\development\c++\pxl2d\pxl2d\include\system\win32\win32window.h(33): error C2079: 'pxl::system::pxl::system::Win32Window::gl_render_context_handle' uses undefined class 'pxl::system::HGLRC'
     1>d:\development\c++\pxl2d\pxl2d\include\system\win32\win32window.h(34): error C2079: 'pxl::system::pxl::system::Win32Window::instance_handle' uses undefined class 'pxl::system::HINSTANCE'
     1>d:\development\c++\pxl2d\pxl2d\include\system\win32\win32window.h(35): error C2079: 'pxl::system::pxl::system::Win32Window::win_class' uses undefined class 'pxl::system::WNDCLASS'
     1>d:\development\c++\pxl2d\pxl2d\include\system\win32\win32window.h(36): error C3646: 'win_handle': unknown override specifier
     1>d:\development\c++\pxl2d\pxl2d\include\system\win32\win32window.h(36): error C4430: missing type specifier - int assumed. Note: C++ does not support default-int
     1>d:\development\c++\pxl2d\pxl2d\include\system\win32\win32window.h(57): error C3646: 'msg': unknown override specifier
     1>d:\development\c++\pxl2d\pxl2d\include\system\win32\win32window.h(57): error C4430: missing type specifier - int assumed. Note: C++ does not support default-int
     1>d:\development\c++\pxl2d\pxl2d\include\system\window.h(11): error C4430: missing type specifier - int assumed. Note: C++ does not support default-int
     1>d:\development\c++\pxl2d\pxl2d\include\system\window.h(11): error C2146: syntax error: missing ';' before identifier 'WinImplClass'
     1>d:\development\c++\pxl2d\pxl2d\include\system\window.h(23): error C2516: 'pxl::system::WinImplClass': is not a legal base class
         d:\development\c++\pxl2d\pxl2d\include\system\window.h(11): note: see declaration of 'pxl::system::WinImplClass'
     1>d:\development\c++\pxl2d\pxl2d\include\system\window.h(34): error C3861: 'create_window': identifier not found
     1>d:\development\c++\pxl2d\pxl2d\include\system\window.h(40): error C2660: 'free': function does not take 0 arguments
     1>d:\development\c++\pxl2d\pxl2d\include\graphics\sprite.h(60): warning C4244: 'return': conversion from 'int' to 'float', possible loss of data
     1>d:\development\c++\pxl2d\pxl2d\include\graphics\sprite.h(61): warning C4244: 'return': conversion from 'int' to 'float', possible loss of data
     1>d:\development\c++\pxl2d\pxl2d\include\graphics\text.h(112): warning C4244: 'argument': conversion from 'int' to 'float', possible loss of data
         Generating Code...
     1>Done Building Project "D:\Development\C++\pxl2D\pxl2D\pxl2D.vcxproj" (Build target(s)) -- FAILED.

Build FAILED.

Time Elapsed 00:00:06.09
